Processing file /home/izquierdo/data/opinion_annotations_en/kaf/hotel/english00031_243e3d49259712f19641fa21e01e6c11.kaf
	Number of opinion expressions: 7
	Number of opinion targets: 7
	Number of characters of the text: 421
Processing file /home/izquierdo/data/opinion_annotations_en/kaf/hotel/english00071_6901a988b452abe791e088abe8e7dd83.kaf
	Number of opinion expressions: 9
	Number of opinion targets: 8
	Number of characters of the text: 284
Processing file /home/izquierdo/data/opinion_annotations_en/kaf/hotel/english00077_6fea237f070a8e6eb87656807d1fc661.kaf
	Number of opinion expressions: 4
	Number of opinion targets: 3
	Number of characters of the text: 260
Processing file /home/izquierdo/data/opinion_annotations_en/kaf/hotel/english00110_99033cf126f0a6096484660f340288ae.kaf
	Number of opinion expressions: 6
	Number of opinion targets: 6
	Number of characters of the text: 291
Processing file /home/izquierdo/data/opinion_annotations_en/kaf/hotel/english00131_922600cc0b95f1bff86e963509495860.kaf
	Number of opinion expressions: 15
	Number of opinion targets: 10
	Number of characters of the text: 493
Processing file /home/izquierdo/data/opinion_annotations_en/kaf/hotel/english00090_633c1851142ee07665c4396e7a3baa8b.kaf
	Number of opinion expressions: 10
	Number of opinion targets: 9
	Number of characters of the text: 628
Processing file /home/izquierdo/data/opinion_annotations_en/kaf/hotel/english00006_081b55dce5238cb8cb60cb2c79fd2c66.kaf
	Number of opinion expressions: 5
	Number of opinion targets: 3
	Number of characters of the text: 258
Processing file /home/izquierdo/data/opinion_annotations_en/kaf/hotel/english00068_648a6a0314adb5e7e8f21eea47c75071.kaf
	Number of opinion expressions: 9
	Number of opinion targets: 7
	Number of characters of the text: 370
Processing file /home/izquierdo/data/opinion_annotations_en/kaf/hotel/english00133_ce18ce0a970da9ebeb7b37dc7005e3c2.kaf
	Number of opinion expressions: 10
	Number of opinion targets: 7
	Number of characters of the text: 289
Processing file /home/izquierdo/data/opinion_annotations_en/kaf/hotel/english00054_4b31f3e52c00aaab3e4499eae28aba7e.kaf
	Number of opinion expressions: 5
	Number of opinion targets: 5
	Number of characters of the text: 673
Processing file /home/izquierdo/data/opinion_annotations_en/kaf/hotel/english00030_2417edb5ec4f8fcb65315add3d4cccde.kaf
	Number of opinion expressions: 10
	Number of opinion targets: 7
	Number of characters of the text: 409
Processing file /home/izquierdo/data/opinion_annotations_en/kaf/hotel/english00056_3c3562c75ac5468784203f33cfc9802a.kaf
	Number of opinion expressions: 13
	Number of opinion targets: 8
	Number of characters of the text: 473
Processing file /home/izquierdo/data/opinion_annotations_en/kaf/hotel/english00114_a4f827045ccca4c837ce365bd870850a.kaf
	Number of opinion expressions: 6
	Number of opinion targets: 5
	Number of characters of the text: 280
Processing file /home/izquierdo/data/opinion_annotations_en/kaf/hotel/english00050_495e277eea2f9aa0e88d6122299c3894.kaf
	Number of opinion expressions: 7
	Number of opinion targets: 6
	Number of characters of the text: 301
Processing file /home/izquierdo/data/opinion_annotations_en/kaf/hotel/english00165_f534df12408fdec4c43add574a4501c9.kaf
	Number of opinion expressions: 6
	Number of opinion targets: 7
	Number of characters of the text: 367
Processing file /home/izquierdo/data/opinion_annotations_en/kaf/hotel/english00038_2a905390ffe1f23af8075a24535f6fa6.kaf
	Number of opinion expressions: 11
	Number of opinion targets: 5
	Number of characters of the text: 387
Processing file /home/izquierdo/data/opinion_annotations_en/kaf/hotel/english00117_8523187c9a437e85989d599da4a3943a.kaf
	Number of opinion expressions: 10
	Number of opinion targets: 7
	Number of characters of the text: 618
Processing file /home/izquierdo/data/opinion_annotations_en/kaf/hotel/english00158_bde52d6039d31818760489681b4aa6a7.kaf
	Number of opinion expressions: 8
	Number of opinion targets: 5
	Number of characters of the text: 313
Processing file /home/izquierdo/data/opinion_annotations_en/kaf/hotel/english00218_fa645e36b8ec734953f956d9b4a7f778.kaf
	Number of opinion expressions: 16
	Number of opinion targets: 9
	Number of characters of the text: 743
Processing file /home/izquierdo/data/opinion_annotations_en/kaf/hotel/english00123_8c13533c5752a1ceee906448651e3229.kaf
	Number of opinion expressions: 14
	Number of opinion targets: 12
	Number of characters of the text: 625
Processing file /home/izquierdo/data/opinion_annotations_en/kaf/hotel/english00139_d1d16f606db4a5ea9d19e6af2c969115.kaf
	Number of opinion expressions: 7
	Number of opinion targets: 7
	Number of characters of the text: 371
Processing file /home/izquierdo/data/opinion_annotations_en/kaf/hotel/english00073_4ec3ca101056f97554290430ff17c373.kaf
	Number of opinion expressions: 16
	Number of opinion targets: 10
	Number of characters of the text: 692
Processing file /home/izquierdo/data/opinion_annotations_en/kaf/hotel/english00118_85a4bc0448ea5e0e514f71da556cb55a.kaf
	Number of opinion expressions: 14
	Number of opinion targets: 11
	Number of characters of the text: 703
Processing file /home/izquierdo/data/opinion_annotations_en/kaf/hotel/english00048_444ac740f7b3674e41e70582d55d0059.kaf
	Number of opinion expressions: 12
	Number of opinion targets: 11
	Number of characters of the text: 428
Processing file /home/izquierdo/data/opinion_annotations_en/kaf/hotel/english00190_e21978b83fc34738690f427f3d55e364.kaf
	Number of opinion expressions: 11
	Number of opinion targets: 9
	Number of characters of the text: 645
Processing file /home/izquierdo/data/opinion_annotations_en/kaf/hotel/english00081_74f5522e8f5628a2c6591c3411d1bc7f.kaf
	Number of opinion expressions: 10
	Number of opinion targets: 9
	Number of characters of the text: 594
Processing file /home/izquierdo/data/opinion_annotations_en/kaf/hotel/english00169_cdca4d3b45b1dc9dad97f202253c68d9.kaf
	Number of opinion expressions: 7
	Number of opinion targets: 6
	Number of characters of the text: 375
Processing file /home/izquierdo/data/opinion_annotations_en/kaf/hotel/english00220_fa8115ab7f09678324fbeee56a7b1f34.kaf
	Number of opinion expressions: 13
	Number of opinion targets: 9
	Number of characters of the text: 480
Processing file /home/izquierdo/data/opinion_annotations_en/kaf/hotel/english00160_ea524d7a7be149f286701dae0d4f28a1.kaf
	Number of opinion expressions: 4
	Number of opinion targets: 5
	Number of characters of the text: 218
Processing file /home/izquierdo/data/opinion_annotations_en/kaf/hotel/english00096_8884de13ff3ce43675ea8281f0e6f5c3.kaf
	Number of opinion expressions: 4
	Number of opinion targets: 5
	Number of characters of the text: 298
Processing file /home/izquierdo/data/opinion_annotations_en/kaf/hotel/english00009_10f983ef52497c1afcc050bedcbda0d4.kaf
	Number of opinion expressions: 7
	Number of opinion targets: 6
	Number of characters of the text: 289
Processing file /home/izquierdo/data/opinion_annotations_en/kaf/hotel/english00035_340af6662193972260b6e387d1a4e322.kaf
	Number of opinion expressions: 12
	Number of opinion targets: 15
	Number of characters of the text: 608
Processing file /home/izquierdo/data/opinion_annotations_en/kaf/hotel/english00153_b32fa60a91fb4ccb5d86a3d0ee24ee26.kaf
	Number of opinion expressions: 8
	Number of opinion targets: 8
	Number of characters of the text: 371
Processing file /home/izquierdo/data/opinion_annotations_en/kaf/hotel/english00068_498313a8919cd39967df8b9807306143.kaf
	Number of opinion expressions: 11
	Number of opinion targets: 9
	Number of characters of the text: 655
Processing file /home/izquierdo/data/opinion_annotations_en/kaf/hotel/english00167_f78f162e5d17fb8ebff6f878f3be2142.kaf
	Number of opinion expressions: 3
	Number of opinion targets: 1
	Number of characters of the text: 219
Processing file /home/izquierdo/data/opinion_annotations_en/kaf/hotel/english00188_dd6eebebe5c0102d95f1f3e25d0c15ff.kaf
	Number of opinion expressions: 6
	Number of opinion targets: 6
	Number of characters of the text: 220
Processing file /home/izquierdo/data/opinion_annotations_en/kaf/hotel/english00130_91c66f32f964fdc62c980526105ffefb.kaf
	Number of opinion expressions: 13
	Number of opinion targets: 7
	Number of characters of the text: 696
Processing file /home/izquierdo/data/opinion_annotations_en/kaf/hotel/english00123_b8d84ad4d21ae68926c6baeb15efc340.kaf
	Number of opinion expressions: 5
	Number of opinion targets: 4
	Number of characters of the text: 271
Processing file /home/izquierdo/data/opinion_annotations_en/kaf/hotel/english00136_99604cd9d6d80fa9a1b2b826c79a2408.kaf
	Number of opinion expressions: 12
	Number of opinion targets: 9
	Number of characters of the text: 602
Processing file /home/izquierdo/data/opinion_annotations_en/kaf/hotel/english00042_3a43c28555e55bbf555b1c021553cb68.kaf
	Number of opinion expressions: 4
	Number of opinion targets: 4
	Number of characters of the text: 334
Processing file /home/izquierdo/data/opinion_annotations_en/kaf/hotel/english00061_4017aed98f712cd7f7e670f4821687c8.kaf
	Number of opinion expressions: 14
	Number of opinion targets: 9
	Number of characters of the text: 398
Processing file /home/izquierdo/data/opinion_annotations_en/kaf/hotel/english00087_7e37d7718b8ccf612d92fb00430ce8d4.kaf
	Number of opinion expressions: 11
	Number of opinion targets: 10
	Number of characters of the text: 587
Processing file /home/izquierdo/data/opinion_annotations_en/kaf/hotel/english00144_d925927b775fb97d073da7e765ad0d3a.kaf
	Number of opinion expressions: 7
	Number of opinion targets: 4
	Number of characters of the text: 234
Processing file /home/izquierdo/data/opinion_annotations_en/kaf/hotel/english00161_eed91ac341d52eabf370dd4b6c3c3219.kaf
	Number of opinion expressions: 12
	Number of opinion targets: 15
	Number of characters of the text: 608
Processing file /home/izquierdo/data/opinion_annotations_en/kaf/hotel/english00034_2820ca54100cbd25c013f0c31b534ba7.kaf
	Number of opinion expressions: 15
	Number of opinion targets: 10
	Number of characters of the text: 682
Processing file /home/izquierdo/data/opinion_annotations_en/kaf/hotel/english00121_892f5a094070c44e45e64e331624bd21.kaf
	Number of opinion expressions: 9
	Number of opinion targets: 9
	Number of characters of the text: 387
Processing file /home/izquierdo/data/opinion_annotations_en/kaf/hotel/english00121_b40ac36f760c9f6502f427e2d1e3fb16.kaf
	Number of opinion expressions: 8
	Number of opinion targets: 7
	Number of characters of the text: 351
Processing file /home/izquierdo/data/opinion_annotations_en/kaf/hotel/english00023_22d8107c2e6ea01e0c2ab9855eb9fd86.kaf
	Number of opinion expressions: 8
	Number of opinion targets: 6
	Number of characters of the text: 343
Processing file /home/izquierdo/data/opinion_annotations_en/kaf/hotel/english00149_ddc3a415ce3ad69951b4fcfed71bf2aa.kaf
	Number of opinion expressions: 13
	Number of opinion targets: 12
	Number of characters of the text: 558
Processing file /home/izquierdo/data/opinion_annotations_en/kaf/hotel/english00015_18a9f5b73a668f8d4b7c7e3fe6bf039a.kaf
	Number of opinion expressions: 7
	Number of opinion targets: 7
	Number of characters of the text: 242
Processing file /home/izquierdo/data/opinion_annotations_en/kaf/hotel/english00014_1048b23840774f646dd1d85de4449655.kaf
	Number of opinion expressions: 0
	Number of opinion targets: 0
	Number of characters of the text: 641
Processing file /home/izquierdo/data/opinion_annotations_en/kaf/hotel/english00088_61873ffc44f5e834fcbe7202b235f19d.kaf
	Number of opinion expressions: 13
	Number of opinion targets: 12
	Number of characters of the text: 472
Processing file /home/izquierdo/data/opinion_annotations_en/kaf/hotel/english00132_92847948d918018135c3b8d9e0ba72d4.kaf
	Number of opinion expressions: 14
	Number of opinion targets: 9
	Number of characters of the text: 584
Processing file /home/izquierdo/data/opinion_annotations_en/kaf/hotel/english00166_cabe0f1ab6bab341e2fd51db06738b2a.kaf
	Number of opinion expressions: 3
	Number of opinion targets: 3
	Number of characters of the text: 319
Processing file /home/izquierdo/data/opinion_annotations_en/kaf/hotel/english00066_461ecef877bec05db38eccb2aabae26d.kaf
	Number of opinion expressions: 18
	Number of opinion targets: 16
	Number of characters of the text: 633
Processing file /home/izquierdo/data/opinion_annotations_en/kaf/hotel/english00085_5e8399661e51bd6de194dcb21202535f.kaf
	Number of opinion expressions: 15
	Number of opinion targets: 10
	Number of characters of the text: 683
Processing file /home/izquierdo/data/opinion_annotations_en/kaf/hotel/english00025_1eb659e9edfa7e12dfbe4892bea44787.kaf
	Number of opinion expressions: 17
	Number of opinion targets: 13
	Number of characters of the text: 770
Processing file /home/izquierdo/data/opinion_annotations_en/kaf/hotel/english00143_d7d9e07b8590884d503093f9bc53c7b3.kaf
	Number of opinion expressions: 6
	Number of opinion targets: 5
	Number of characters of the text: 262
Processing file /home/izquierdo/data/opinion_annotations_en/kaf/hotel/english00028_215e138d3847d893cf98d98f444770c3.kaf
	Number of opinion expressions: 13
	Number of opinion targets: 12
	Number of characters of the text: 605
Processing file /home/izquierdo/data/opinion_annotations_en/kaf/hotel/english00108_7743bf5be49d61a44e9ef13002c5ff68.kaf
	Number of opinion expressions: 1
	Number of opinion targets: 0
	Number of characters of the text: 574
Processing file /home/izquierdo/data/opinion_annotations_en/kaf/hotel/english00158_e80b20738a00d8196bb957c3ee679485.kaf
	Number of opinion expressions: 9
	Number of opinion targets: 10
	Number of characters of the text: 732
Processing file /home/izquierdo/data/opinion_annotations_en/kaf/hotel/english00053_37db4002a59f6cd0704d7b2d19756b73.kaf
	Number of opinion expressions: 14
	Number of opinion targets: 11
	Number of characters of the text: 491
Processing file /home/izquierdo/data/opinion_annotations_en/kaf/hotel/english00102_6fe6330bd9d8c69caec1624be75393c0.kaf
	Number of opinion expressions: 8
	Number of opinion targets: 6
	Number of characters of the text: 616
Processing file /home/izquierdo/data/opinion_annotations_en/kaf/hotel/english00024_25d18c2dc122d4ea250466f6bea80fd6.kaf
	Number of opinion expressions: 10
	Number of opinion targets: 7
	Number of characters of the text: 297
Processing file /home/izquierdo/data/opinion_annotations_en/kaf/hotel/english00005_0de4e57838f243c67953cb70e70e693b.kaf
	Number of opinion expressions: 10
	Number of opinion targets: 6
	Number of characters of the text: 244
Processing file /home/izquierdo/data/opinion_annotations_en/kaf/hotel/english00082_5b82cff0e1d4668e7202de368964e188.kaf
	Number of opinion expressions: 14
	Number of opinion targets: 9
	Number of characters of the text: 723
Processing file /home/izquierdo/data/opinion_annotations_en/kaf/hotel/english00138_d15915aac8e67bf4ecabaa0b95b10ec0.kaf
	Number of opinion expressions: 6
	Number of opinion targets: 7
	Number of characters of the text: 265
Processing file /home/izquierdo/data/opinion_annotations_en/kaf/hotel/english00169_fd7a241c56820c1c7dd771101b6215aa.kaf
	Number of opinion expressions: 7
	Number of opinion targets: 7
	Number of characters of the text: 253
Processing file /home/izquierdo/data/opinion_annotations_en/kaf/hotel/english00113_a3f4d77145d61946af961aec6aec2e71.kaf
	Number of opinion expressions: 8
	Number of opinion targets: 7
	Number of characters of the text: 526
Processing file /home/izquierdo/data/opinion_annotations_en/kaf/hotel/english00132_c92dfef90d8b18e771944f1e8ac008f5.kaf
	Number of opinion expressions: 5
	Number of opinion targets: 4
	Number of characters of the text: 234
Processing file /home/izquierdo/data/opinion_annotations_en/kaf/hotel/english00060_58bfb78b8d30825c35ed3f936209f450.kaf
	Number of opinion expressions: 15
	Number of opinion targets: 19
	Number of characters of the text: 632
Processing file /home/izquierdo/data/opinion_annotations_en/kaf/hotel/english00004_077eb74146f2afec4488e171a134f655.kaf
	Number of opinion expressions: 21
	Number of opinion targets: 18
	Number of characters of the text: 801
Processing file /home/izquierdo/data/opinion_annotations_en/kaf/hotel/english00063_5fc74dff0ee1647aabf7db9976cfb3cf.kaf
	Number of opinion expressions: 6
	Number of opinion targets: 4
	Number of characters of the text: 310
Processing file /home/izquierdo/data/opinion_annotations_en/kaf/hotel/english00141_a1049912305bfe5c61247438bc2866bd.kaf
	Number of opinion expressions: 7
	Number of opinion targets: 4
	Number of characters of the text: 678
Processing file /home/izquierdo/data/opinion_annotations_en/kaf/hotel/english00143_a1ec3eba7f3fa0420d4d2fed1bca5701.kaf
	Number of opinion expressions: 12
	Number of opinion targets: 12
	Number of characters of the text: 694
Processing file /home/izquierdo/data/opinion_annotations_en/kaf/hotel/english00210_f4aa2529a7784fec56fad627916db4b7.kaf
	Number of opinion expressions: 12
	Number of opinion targets: 6
	Number of characters of the text: 542
Processing file /home/izquierdo/data/opinion_annotations_en/kaf/hotel/english00160_c271b96e9fe9f7909f812d4d660ef06e.kaf
	Number of opinion expressions: 2
	Number of opinion targets: 1
	Number of characters of the text: 705
Processing file /home/izquierdo/data/opinion_annotations_en/kaf/hotel/english00139_a027bbcb73be1f46b42077b535cf955c.kaf
	Number of opinion expressions: 15
	Number of opinion targets: 13
	Number of characters of the text: 609
Processing file /home/izquierdo/data/opinion_annotations_en/kaf/hotel/english00112_7ec44bf4213be4f1226c04cb302f1b7b.kaf
	Number of opinion expressions: 12
	Number of opinion targets: 8
	Number of characters of the text: 696
Processing file /home/izquierdo/data/opinion_annotations_en/kaf/hotel/english00020_14fcd0dd734bab84f7da7aed891b5590.kaf
	Number of opinion expressions: 5
	Number of opinion targets: 3
	Number of characters of the text: 801
Processing file /home/izquierdo/data/opinion_annotations_en/kaf/hotel/english00142_d783fa3d60130d9b6beb744f01eb80cc.kaf
	Number of opinion expressions: 15
	Number of opinion targets: 11
	Number of characters of the text: 850
Processing file /home/izquierdo/data/opinion_annotations_en/kaf/hotel/english00176_d23ed68b8036a845070c093b47eac5bd.kaf
	Number of opinion expressions: 14
	Number of opinion targets: 8
	Number of characters of the text: 661
Processing file /home/izquierdo/data/opinion_annotations_en/kaf/hotel/english00142_a18455545eacaf5e4e1d4f1bffa19732.kaf
	Number of opinion expressions: 13
	Number of opinion targets: 9
	Number of characters of the text: 662
Processing file /home/izquierdo/data/opinion_annotations_en/kaf/hotel/english00106_74e62e551e5b441356b001c5f7ca2070.kaf
	Number of opinion expressions: 10
	Number of opinion targets: 8
	Number of characters of the text: 639
Processing file /home/izquierdo/data/opinion_annotations_en/kaf/hotel/english00091_64b95794b1aa41efbaabced339b2deff.kaf
	Number of opinion expressions: 11
	Number of opinion targets: 10
	Number of characters of the text: 551
Processing file /home/izquierdo/data/opinion_annotations_en/kaf/hotel/english00076_6ef78ca811ce216e264922cb5a9b6be2.kaf
	Number of opinion expressions: 4
	Number of opinion targets: 5
	Number of characters of the text: 517
Processing file /home/izquierdo/data/opinion_annotations_en/kaf/hotel/english00037_29e678cc5c59153d2361d234e0313174.kaf
	Number of opinion expressions: 22
	Number of opinion targets: 16
	Number of characters of the text: 798
Processing file /home/izquierdo/data/opinion_annotations_en/kaf/hotel/english00215_f7a5b3c3c2001e951394ebf6832f0678.kaf
	Number of opinion expressions: 19
	Number of opinion targets: 15
	Number of characters of the text: 587
Processing file /home/izquierdo/data/opinion_annotations_en/kaf/hotel/english00095_87f1842656103c2f563039f0c8959c1f.kaf
	Number of opinion expressions: 17
	Number of opinion targets: 18
	Number of characters of the text: 611
Processing file /home/izquierdo/data/opinion_annotations_en/kaf/hotel/english00097_8cb0b30799a37825534a657b39daece8.kaf
	Number of opinion expressions: 6
	Number of opinion targets: 5
	Number of characters of the text: 233
Processing file /home/izquierdo/data/opinion_annotations_en/kaf/hotel/english00009_0a9b6d75441320e45299959bde68f768.kaf
	Number of opinion expressions: 15
	Number of opinion targets: 11
	Number of characters of the text: 744
Processing file /home/izquierdo/data/opinion_annotations_en/kaf/hotel/english00080_5717ad0a8ec003dd640fa9cf6a46f524.kaf
	Number of opinion expressions: 4
	Number of opinion targets: 4
	Number of characters of the text: 618
Processing file /home/izquierdo/data/opinion_annotations_en/kaf/hotel/english00203_eb3bae183b573012e1d929eaa6f6c99d.kaf
	Number of opinion expressions: 13
	Number of opinion targets: 7
	Number of characters of the text: 771
Processing file /home/izquierdo/data/opinion_annotations_en/kaf/hotel/english00147_a4f827045ccca4c837ce365bd870850a.kaf
	Number of opinion expressions: 7
	Number of opinion targets: 6
	Number of characters of the text: 280
Processing file /home/izquierdo/data/opinion_annotations_en/kaf/hotel/english00162_ef371f2cdf69b4ac91bf97d372159ed5.kaf
	Number of opinion expressions: 12
	Number of opinion targets: 11
	Number of characters of the text: 559
Processing file /home/izquierdo/data/opinion_annotations_en/kaf/hotel/english00156_e71df8767664a5e86e7d372331407654.kaf
	Number of opinion expressions: 9
	Number of opinion targets: 6
	Number of characters of the text: 265
Processing file /home/izquierdo/data/opinion_annotations_en/kaf/hotel/english00147_dd7fa7c7e3e989d44068a10739b6e75a.kaf
	Number of opinion expressions: 11
	Number of opinion targets: 8
	Number of characters of the text: 315
Processing file /home/izquierdo/data/opinion_annotations_en/kaf/hotel/english00167_cc796a2ecc444b13f812e5ff758ba063.kaf
	Number of opinion expressions: 11
	Number of opinion targets: 8
	Number of characters of the text: 638
Processing file /home/izquierdo/data/opinion_annotations_en/kaf/hotel/english00127_be6853eb63a85dfd91663b64efaaf60b.kaf
	Number of opinion expressions: 3
	Number of opinion targets: 2
	Number of characters of the text: 269
Processing file /home/izquierdo/data/opinion_annotations_en/kaf/hotel/english00032_274ec81481c2a582f1ad265d7c4b6f22.kaf
	Number of opinion expressions: 7
	Number of opinion targets: 4
	Number of characters of the text: 273
Processing file /home/izquierdo/data/opinion_annotations_en/kaf/hotel/english00108_969b6d13d09fd3e34e2747d3e9a56968.kaf
	Number of opinion expressions: 7
	Number of opinion targets: 7
	Number of characters of the text: 273
Processing file /home/izquierdo/data/opinion_annotations_en/kaf/hotel/english00122_8a161fc91bbf33a2c4c43998bf15d58f.kaf
	Number of opinion expressions: 15
	Number of opinion targets: 12
	Number of characters of the text: 695
Processing file /home/izquierdo/data/opinion_annotations_en/kaf/hotel/english00007_0fb7d41dba55088490bdd31b9c850e4b.kaf
	Number of opinion expressions: 7
	Number of opinion targets: 6
	Number of characters of the text: 236
Processing file /home/izquierdo/data/opinion_annotations_en/kaf/hotel/english00140_d4e884ef214aaa65b7d350a9db39f08a.kaf
	Number of opinion expressions: 8
	Number of opinion targets: 8
	Number of characters of the text: 380
Processing file /home/izquierdo/data/opinion_annotations_en/kaf/hotel/english00120_afc3a95e54291de7a4e3f3d692cec8ee.kaf
	Number of opinion expressions: 9
	Number of opinion targets: 8
	Number of characters of the text: 209
Processing file /home/izquierdo/data/opinion_annotations_en/kaf/hotel/english00018_129a2fc635f44e3c1d843eaf805d70fe.kaf
	Number of opinion expressions: 14
	Number of opinion targets: 8
	Number of characters of the text: 704
Processing file /home/izquierdo/data/opinion_annotations_en/kaf/hotel/english00206_f1df933d1e1de3be91e1d732fcdc9077.kaf
	Number of opinion expressions: 11
	Number of opinion targets: 7
	Number of characters of the text: 695
Processing file /home/izquierdo/data/opinion_annotations_en/kaf/hotel/english00170_ce1f9b38f0bec2250f15e8b855713ffd.kaf
	Number of opinion expressions: 5
	Number of opinion targets: 4
	Number of characters of the text: 657
Processing file /home/izquierdo/data/opinion_annotations_en/kaf/hotel/english00191_e2c6a1fdfc1d286a4beee6e62ab0d407.kaf
	Number of opinion expressions: 10
	Number of opinion targets: 8
	Number of characters of the text: 460
Processing file /home/izquierdo/data/opinion_annotations_en/kaf/hotel/english00207_f2fc26b3ecad029099e91743f5f95b7c.kaf
	Number of opinion expressions: 5
	Number of opinion targets: 6
	Number of characters of the text: 224
Processing file /home/izquierdo/data/opinion_annotations_en/kaf/hotel/english00100_6dbfd02a7e1473a9efb8227349df80fa.kaf
	Number of opinion expressions: 9
	Number of opinion targets: 6
	Number of characters of the text: 591
Processing file /home/izquierdo/data/opinion_annotations_en/kaf/hotel/english00052_379ab1971935bcf1c4f13c5e63711e10.kaf
	Number of opinion expressions: 13
	Number of opinion targets: 6
	Number of characters of the text: 464
Processing file /home/izquierdo/data/opinion_annotations_en/kaf/hotel/english00040_368f6bf698934667a786dbf0e5d61c89.kaf
	Number of opinion expressions: 13
	Number of opinion targets: 11
	Number of characters of the text: 846
Processing file /home/izquierdo/data/opinion_annotations_en/kaf/hotel/english00022_20ef3d0de337a24772805f02d7cbc57e.kaf
	Number of opinion expressions: 4
	Number of opinion targets: 4
	Number of characters of the text: 247
Processing file /home/izquierdo/data/opinion_annotations_en/kaf/hotel/english00006_0e010452552e70f2a4d309a42ec59410.kaf
	Number of opinion expressions: 3
	Number of opinion targets: 3
	Number of characters of the text: 256
Processing file /home/izquierdo/data/opinion_annotations_en/kaf/hotel/english00012_0d83dca3caeaaf8eceffcae22ebf53b6.kaf
	Number of opinion expressions: 6
	Number of opinion targets: 4
	Number of characters of the text: 304
Processing file /home/izquierdo/data/opinion_annotations_en/kaf/hotel/english00076_5516543956dc4d6a4502a842f3d742e1.kaf
	Number of opinion expressions: 17
	Number of opinion targets: 13
	Number of characters of the text: 704
Processing file /home/izquierdo/data/opinion_annotations_en/kaf/hotel/english00041_37f671242a697924c4d5d3f1c748e17d.kaf
	Number of opinion expressions: 7
	Number of opinion targets: 4
	Number of characters of the text: 315
Processing file /home/izquierdo/data/opinion_annotations_en/kaf/hotel/english00094_8704acda064e40ffa7896f6721e5cff0.kaf
	Number of opinion expressions: 10
	Number of opinion targets: 8
	Number of characters of the text: 530
Processing file /home/izquierdo/data/opinion_annotations_en/kaf/hotel/english00032_30ddf6dff464d0b92c6fbae7019ece91.kaf
	Number of opinion expressions: 6
	Number of opinion targets: 4
	Number of characters of the text: 322
Processing file /home/izquierdo/data/opinion_annotations_en/kaf/hotel/english00062_40a2ae7cfbde5d8abdb052d58035f957.kaf
	Number of opinion expressions: 10
	Number of opinion targets: 8
	Number of characters of the text: 474
Processing file /home/izquierdo/data/opinion_annotations_en/kaf/hotel/english00115_a9dcccf8337a75f98d92b033bf2da282.kaf
	Number of opinion expressions: 11
	Number of opinion targets: 9
	Number of characters of the text: 641
Processing file /home/izquierdo/data/opinion_annotations_en/kaf/hotel/english00015_10b768c75ce75f96ee4722d418252686.kaf
	Number of opinion expressions: 9
	Number of opinion targets: 5
	Number of characters of the text: 660
Processing file /home/izquierdo/data/opinion_annotations_en/kaf/hotel/english00069_6760671f90024b411325fb10f225ae98.kaf
	Number of opinion expressions: 8
	Number of opinion targets: 5
	Number of characters of the text: 230
Processing file /home/izquierdo/data/opinion_annotations_en/kaf/hotel/english00092_659c376234420e5297db7984f9d974ac.kaf
	Number of opinion expressions: 16
	Number of opinion targets: 12
	Number of characters of the text: 667
Processing file /home/izquierdo/data/opinion_annotations_en/kaf/hotel/english00154_e37beb58ff06c1a77f8df3e97e845c3c.kaf
	Number of opinion expressions: 10
	Number of opinion targets: 10
	Number of characters of the text: 277
Processing file /home/izquierdo/data/opinion_annotations_en/kaf/hotel/english00089_80555a60f163a66a7c0dad88f37ee938.kaf
	Number of opinion expressions: 7
	Number of opinion targets: 9
	Number of characters of the text: 261
Processing file /home/izquierdo/data/opinion_annotations_en/kaf/hotel/english00088_7ec44bf4213be4f1226c04cb302f1b7b.kaf
	Number of opinion expressions: 12
	Number of opinion targets: 11
	Number of characters of the text: 696
Processing file /home/izquierdo/data/opinion_annotations_en/kaf/hotel/english00141_d588b065119a34291a9a412b413bed58.kaf
	Number of opinion expressions: 7
	Number of opinion targets: 7
	Number of characters of the text: 465
Processing file /home/izquierdo/data/opinion_annotations_en/kaf/hotel/english00178_d36c81d471425aaacd8b4b7e919a98d2.kaf
	Number of opinion expressions: 13
	Number of opinion targets: 11
	Number of characters of the text: 660
Processing file /home/izquierdo/data/opinion_annotations_en/kaf/hotel/english00070_4b333078625224037956975e6fba0e41.kaf
	Number of opinion expressions: 11
	Number of opinion targets: 9
	Number of characters of the text: 649
Processing file /home/izquierdo/data/opinion_annotations_en/kaf/hotel/english00039_2bc0812c3efc22fca59475d1ea37a251.kaf
	Number of opinion expressions: 11
	Number of opinion targets: 6
	Number of characters of the text: 423
Processing file /home/izquierdo/data/opinion_annotations_en/kaf/hotel/english00164_c6d60bf75b0de8d72b7e1c575e04e314.kaf
	Number of opinion expressions: 14
	Number of opinion targets: 10
	Number of characters of the text: 485
Processing file /home/izquierdo/data/opinion_annotations_en/kaf/hotel/english00192_e3fe22eeb360723a699504a27e13065e.kaf
	Number of opinion expressions: 4
	Number of opinion targets: 4
	Number of characters of the text: 662
Processing file /home/izquierdo/data/opinion_annotations_en/kaf/hotel/english00112_a3d630beb3db94ff1ef73e0cef18f961.kaf
	Number of opinion expressions: 6
	Number of opinion targets: 3
	Number of characters of the text: 261
Processing file /home/izquierdo/data/opinion_annotations_en/kaf/hotel/english00089_6279e1d09e94609651c601228d99b281.kaf
	Number of opinion expressions: 11
	Number of opinion targets: 6
	Number of characters of the text: 391
Processing file /home/izquierdo/data/opinion_annotations_en/kaf/hotel/english00077_561f43869ddc8b2574c02cd86f7013fd.kaf
	Number of opinion expressions: 9
	Number of opinion targets: 8
	Number of characters of the text: 229
Processing file /home/izquierdo/data/opinion_annotations_en/kaf/hotel/english00026_1f075091a5037f3c954406e022417330.kaf
	Number of opinion expressions: 14
	Number of opinion targets: 15
	Number of characters of the text: 613
Processing file /home/izquierdo/data/opinion_annotations_en/kaf/hotel/english00028_2a1e03a3e5d6afe2c5024926cb7ff9ab.kaf
	Number of opinion expressions: 8
	Number of opinion targets: 7
	Number of characters of the text: 337
Processing file /home/izquierdo/data/opinion_annotations_en/kaf/hotel/english00130_c43c27274fa958e9a05c0e675044c319.kaf
	Number of opinion expressions: 10
	Number of opinion targets: 7
	Number of characters of the text: 287
Processing file /home/izquierdo/data/opinion_annotations_en/kaf/hotel/english00104_71984ad55ab39a055733c8df9a48c72d.kaf
	Number of opinion expressions: 8
	Number of opinion targets: 7
	Number of characters of the text: 530
Processing file /home/izquierdo/data/opinion_annotations_en/kaf/hotel/english00107_76be57e13ea17e1c2cc08cb3f5ab2240.kaf
	Number of opinion expressions: 8
	Number of opinion targets: 7
	Number of characters of the text: 685
Processing file /home/izquierdo/data/opinion_annotations_en/kaf/hotel/english00010_0b12b9c2d6f132f14a463030ceb102ad.kaf
	Number of opinion expressions: 12
	Number of opinion targets: 9
	Number of characters of the text: 526
Processing file /home/izquierdo/data/opinion_annotations_en/kaf/hotel/english00129_c316cb94cbdd2bc3463fbe45cfa473d6.kaf
	Number of opinion expressions: 6
	Number of opinion targets: 5
	Number of characters of the text: 299
Processing file /home/izquierdo/data/opinion_annotations_en/kaf/hotel/english00013_10308a5057dac7bfb5b2caf776a9e44f.kaf
	Number of opinion expressions: 10
	Number of opinion targets: 7
	Number of characters of the text: 239
Processing file /home/izquierdo/data/opinion_annotations_en/kaf/hotel/english00117_add4bfee14df94e5646b1c7018b6c690.kaf
	Number of opinion expressions: 5
	Number of opinion targets: 6
	Number of characters of the text: 371
Processing file /home/izquierdo/data/opinion_annotations_en/kaf/hotel/english00065_454ddd5112d4969a9a26218d2cb6d815.kaf
	Number of opinion expressions: 17
	Number of opinion targets: 12
	Number of characters of the text: 636
Processing file /home/izquierdo/data/opinion_annotations_en/kaf/hotel/english00019_1de6c7cab0a5e466ea5f1ffa02bea834.kaf
	Number of opinion expressions: 11
	Number of opinion targets: 10
	Number of characters of the text: 276
Processing file /home/izquierdo/data/opinion_annotations_en/kaf/hotel/english00114_81738fd5eabd2b44715d8f62cd43823c.kaf
	Number of opinion expressions: 12
	Number of opinion targets: 12
	Number of characters of the text: 627
Processing file /home/izquierdo/data/opinion_annotations_en/kaf/hotel/english00044_2ecca0681c3a7d60fe41fe44e1a8ba15.kaf
	Number of opinion expressions: 18
	Number of opinion targets: 11
	Number of characters of the text: 742
Processing file /home/izquierdo/data/opinion_annotations_en/kaf/hotel/english00162_c5cf6e0a872c0df8bd97a6e3facd6ffd.kaf
	Number of opinion expressions: 14
	Number of opinion targets: 12
	Number of characters of the text: 703
Processing file /home/izquierdo/data/opinion_annotations_en/kaf/hotel/english00099_6bd92afbc1db2e16e92cc8cf0105c93e.kaf
	Number of opinion expressions: 14
	Number of opinion targets: 10
	Number of characters of the text: 655
Processing file /home/izquierdo/data/opinion_annotations_en/kaf/hotel/english00093_86e07b81e3da168d0e7874582a818215.kaf
	Number of opinion expressions: 18
	Number of opinion targets: 15
	Number of characters of the text: 809
Processing file /home/izquierdo/data/opinion_annotations_en/kaf/hotel/english00071_4c3f3e5bd758f24bde2ee03079db5370.kaf
	Number of opinion expressions: 4
	Number of opinion targets: 4
	Number of characters of the text: 214
Processing file /home/izquierdo/data/opinion_annotations_en/kaf/hotel/english00165_c7ecb4fa1c55fb7a9d4cbe384a48efb4.kaf
	Number of opinion expressions: 9
	Number of opinion targets: 13
	Number of characters of the text: 741
Processing file /home/izquierdo/data/opinion_annotations_en/kaf/hotel/english00199_e8ccf7667f18e5485c465da90e383202.kaf
	Number of opinion expressions: 11
	Number of opinion targets: 9
	Number of characters of the text: 625
Processing file /home/izquierdo/data/opinion_annotations_en/kaf/hotel/english00155_b652d1e721dc3fa132e8e1a810b87410.kaf
	Number of opinion expressions: 8
	Number of opinion targets: 7
	Number of characters of the text: 241
Processing file /home/izquierdo/data/opinion_annotations_en/kaf/hotel/english00051_36b11c69a83111b47b881cf146619366.kaf
	Number of opinion expressions: 13
	Number of opinion targets: 9
	Number of characters of the text: 575
Processing file /home/izquierdo/data/opinion_annotations_en/kaf/hotel/english00179_d5804c38140518f322635b1ab7a0ae48.kaf
	Number of opinion expressions: 19
	Number of opinion targets: 15
	Number of characters of the text: 648
Processing file /home/izquierdo/data/opinion_annotations_en/kaf/hotel/english00058_56dd739a2df962791786b1d6f758f9a3.kaf
	Number of opinion expressions: 7
	Number of opinion targets: 7
	Number of characters of the text: 304
Processing file /home/izquierdo/data/opinion_annotations_en/kaf/hotel/english00194_e730d7148c27e85baf35e595e4ee8414.kaf
	Number of opinion expressions: 12
	Number of opinion targets: 8
	Number of characters of the text: 639
Processing file /home/izquierdo/data/opinion_annotations_en/kaf/hotel/english00168_f8a6324a6b18e0f0fa9aecbf1b0ec2c0.kaf
	Number of opinion expressions: 6
	Number of opinion targets: 5
	Number of characters of the text: 452
Processing file /home/izquierdo/data/opinion_annotations_en/kaf/hotel/english00223_fe94638c44f4dd789e8a42550e1e6beb.kaf
	Number of opinion expressions: 9
	Number of opinion targets: 5
	Number of characters of the text: 376
Processing file /home/izquierdo/data/opinion_annotations_en/kaf/hotel/english00127_8d4c9655dbcc99d27f3addc930c6881a.kaf
	Number of opinion expressions: 12
	Number of opinion targets: 13
	Number of characters of the text: 657
Processing file /home/izquierdo/data/opinion_annotations_en/kaf/hotel/english00157_bcfcc098b104601f75bd86b8e9f87e9c.kaf
	Number of opinion expressions: 6
	Number of opinion targets: 4
	Number of characters of the text: 633
Processing file /home/izquierdo/data/opinion_annotations_en/kaf/hotel/english00196_e7d4797e483d05b860e7352beca00906.kaf
	Number of opinion expressions: 9
	Number of opinion targets: 5
	Number of characters of the text: 639
Processing file /home/izquierdo/data/opinion_annotations_en/kaf/hotel/english00046_40bec4310e99535ee0f9a8b9d617dcb9.kaf
	Number of opinion expressions: 8
	Number of opinion targets: 6
	Number of characters of the text: 296
Processing file /home/izquierdo/data/opinion_annotations_en/kaf/hotel/english00087_61399799c0d81497ff5651a93f79ce14.kaf
	Number of opinion expressions: 4
	Number of opinion targets: 5
	Number of characters of the text: 396
Processing file /home/izquierdo/data/opinion_annotations_en/kaf/hotel/english00150_ac9592f639c623877e20f3988fb2c6d5.kaf
	Number of opinion expressions: 15
	Number of opinion targets: 10
	Number of characters of the text: 723
Processing file /home/izquierdo/data/opinion_annotations_en/kaf/hotel/english00072_4cc2e9801df78f120125f41eac84ee35.kaf
	Number of opinion expressions: 7
	Number of opinion targets: 6
	Number of characters of the text: 354
Processing file /home/izquierdo/data/opinion_annotations_en/kaf/hotel/english00023_1aa3c5b4f003f6646e3d6f72045d4750.kaf
	Number of opinion expressions: 6
	Number of opinion targets: 4
	Number of characters of the text: 312
Processing file /home/izquierdo/data/opinion_annotations_en/kaf/hotel/english00159_c122b85a40104c3bb6a2810fce4278ca.kaf
	Number of opinion expressions: 2
	Number of opinion targets: 2
	Number of characters of the text: 406
Processing file /home/izquierdo/data/opinion_annotations_en/kaf/hotel/english00007_0959878b22835b4d4f2f67a29e4ddb17.kaf
	Number of opinion expressions: 11
	Number of opinion targets: 15
	Number of characters of the text: 699
Processing file /home/izquierdo/data/opinion_annotations_en/kaf/hotel/english00084_5d4379756c41ea6f0d05085d07c96440.kaf
	Number of opinion expressions: 10
	Number of opinion targets: 8
	Number of characters of the text: 571
Processing file /home/izquierdo/data/opinion_annotations_en/kaf/hotel/english00140_a052f3702cce7297bc2aff92662d1db3.kaf
	Number of opinion expressions: 9
	Number of opinion targets: 7
	Number of characters of the text: 607
Processing file /home/izquierdo/data/opinion_annotations_en/kaf/hotel/english00008_09b68606f282d93380da630fd5e3738a.kaf
	Number of opinion expressions: 11
	Number of opinion targets: 7
	Number of characters of the text: 640
Processing file /home/izquierdo/data/opinion_annotations_en/kaf/hotel/english00049_3456bf89884d70b0a573c0e4564a68d7.kaf
	Number of opinion expressions: 14
	Number of opinion targets: 11
	Number of characters of the text: 697
Processing file /home/izquierdo/data/opinion_annotations_en/kaf/hotel/english00125_8cb0b30799a37825534a657b39daece8.kaf
	Number of opinion expressions: 6
	Number of opinion targets: 5
	Number of characters of the text: 233
Processing file /home/izquierdo/data/opinion_annotations_en/kaf/hotel/english00043_2ea2ca9e979272e94f95eba5cf140c04.kaf
	Number of opinion expressions: 23
	Number of opinion targets: 13
	Number of characters of the text: 702
Processing file /home/izquierdo/data/opinion_annotations_en/kaf/hotel/english00101_90926e7eb575a41b022144719db99336.kaf
	Number of opinion expressions: 10
	Number of opinion targets: 3
	Number of characters of the text: 313
Processing file /home/izquierdo/data/opinion_annotations_en/kaf/hotel/english00074_6d1b93872766b77fb33d3a9ba5c2391b.kaf
	Number of opinion expressions: 17
	Number of opinion targets: 18
	Number of characters of the text: 611
Processing file /home/izquierdo/data/opinion_annotations_en/kaf/hotel/english00200_e8f707795fc0c7f605a1f7115c3da711.kaf
	Number of opinion expressions: 9
	Number of opinion targets: 7
	Number of characters of the text: 535
Processing file /home/izquierdo/data/opinion_annotations_en/kaf/hotel/english00057_3c3ad20e93ca57ff88759a290c8aaa88.kaf
	Number of opinion expressions: 11
	Number of opinion targets: 7
	Number of characters of the text: 709
Processing file /home/izquierdo/data/opinion_annotations_en/kaf/hotel/english00078_726dab247b93f8e93eeeabc72f74d655.kaf
	Number of opinion expressions: 5
	Number of opinion targets: 3
	Number of characters of the text: 295
Processing file /home/izquierdo/data/opinion_annotations_en/kaf/hotel/english00153_e23edf9098951f5f6074eb1fb3f2da3b.kaf
	Number of opinion expressions: 11
	Number of opinion targets: 10
	Number of characters of the text: 256
Processing file /home/izquierdo/data/opinion_annotations_en/kaf/hotel/english00016_1bf091a4517b245ddc05ed2efd135973.kaf
	Number of opinion expressions: 12
	Number of opinion targets: 11
	Number of characters of the text: 721
Processing file /home/izquierdo/data/opinion_annotations_en/kaf/hotel/english00126_bd6a176ce76da481db93bf33529ba472.kaf
	Number of opinion expressions: 6
	Number of opinion targets: 9
	Number of characters of the text: 375
Processing file /home/izquierdo/data/opinion_annotations_en/kaf/hotel/english00004_077501d9543ab2cdab911d318c2a4a1c.kaf
	Number of opinion expressions: 10
	Number of opinion targets: 8
	Number of characters of the text: 597
Processing file /home/izquierdo/data/opinion_annotations_en/kaf/hotel/english00159_e98ac0ec362474adb4f58e555842d8a7.kaf
	Number of opinion expressions: 7
	Number of opinion targets: 6
	Number of characters of the text: 343
Processing file /home/izquierdo/data/opinion_annotations_en/kaf/hotel/english00157_e771f8ff6705ab6b0e88d2e6abe0b872.kaf
	Number of opinion expressions: 13
	Number of opinion targets: 12
	Number of characters of the text: 609
Processing file /home/izquierdo/data/opinion_annotations_en/kaf/hotel/english00036_29c5cdcccf3cb2bb0f38d4d1153d3d44.kaf
	Number of opinion expressions: 15
	Number of opinion targets: 10
	Number of characters of the text: 587
Processing file /home/izquierdo/data/opinion_annotations_en/kaf/hotel/english00044_3efe4d8dbdd774d767ba1349e00ceeeb.kaf
	Number of opinion expressions: 2
	Number of opinion targets: 2
	Number of characters of the text: 258
Processing file /home/izquierdo/data/opinion_annotations_en/kaf/hotel/english00093_66b54948de63c89d7c2caaa7f25499bb.kaf
	Number of opinion expressions: 11
	Number of opinion targets: 9
	Number of characters of the text: 613
Processing file /home/izquierdo/data/opinion_annotations_en/kaf/hotel/english00086_7e1bb92e65825ad9f2280fbff9eb6a84.kaf
	Number of opinion expressions: 6
	Number of opinion targets: 4
	Number of characters of the text: 287
Processing file /home/izquierdo/data/opinion_annotations_en/kaf/hotel/english00095_67bf43abf6e886cdf335c2648a6f24a0.kaf
	Number of opinion expressions: 11
	Number of opinion targets: 7
	Number of characters of the text: 647
Processing file /home/izquierdo/data/opinion_annotations_en/kaf/hotel/english00173_d11c0a69dd693e360058d020539d21d3.kaf
	Number of opinion expressions: 9
	Number of opinion targets: 9
	Number of characters of the text: 338
Processing file /home/izquierdo/data/opinion_annotations_en/kaf/hotel/english00035_28fbd0aba5d9f03b5d85d12ee5131d78.kaf
	Number of opinion expressions: 10
	Number of opinion targets: 5
	Number of characters of the text: 571
Processing file /home/izquierdo/data/opinion_annotations_en/kaf/hotel/english00097_6ace8a44dd0caa70cdaa62a2cc5cfd54.kaf
	Number of opinion expressions: 11
	Number of opinion targets: 9
	Number of characters of the text: 384
Processing file /home/izquierdo/data/opinion_annotations_en/kaf/hotel/english00183_d693aa86dc9f10aaee041d857b94417e.kaf
	Number of opinion expressions: 10
	Number of opinion targets: 8
	Number of characters of the text: 578
Processing file /home/izquierdo/data/opinion_annotations_en/kaf/hotel/english00189_e0af7cd54f8b729526fccc798af99afe.kaf
	Number of opinion expressions: 12
	Number of opinion targets: 10
	Number of characters of the text: 391
Processing file /home/izquierdo/data/opinion_annotations_en/kaf/hotel/english00065_60ef16c15790a198184bfd267b7d9c76.kaf
	Number of opinion expressions: 7
	Number of opinion targets: 7
	Number of characters of the text: 429
Processing file /home/izquierdo/data/opinion_annotations_en/kaf/hotel/english00001_0123ff23e0d0dc0177f9b71a1928b674.kaf
	Number of opinion expressions: 14
	Number of opinion targets: 7
	Number of characters of the text: 609
Processing file /home/izquierdo/data/opinion_annotations_en/kaf/hotel/english00128_90fc6e46f29ed00f39500b55a9c8f202.kaf
	Number of opinion expressions: 11
	Number of opinion targets: 6
	Number of characters of the text: 246
Processing file /home/izquierdo/data/opinion_annotations_en/kaf/hotel/english00047_413c7a16899dcf5c56e6cf1a6dafe78d.kaf
	Number of opinion expressions: 11
	Number of opinion targets: 8
	Number of characters of the text: 328
Processing file /home/izquierdo/data/opinion_annotations_en/kaf/hotel/english00019_145f3cedef72d76c0c9335c05706ae8e.kaf
	Number of opinion expressions: 15
	Number of opinion targets: 10
	Number of characters of the text: 483
Processing file /home/izquierdo/data/opinion_annotations_en/kaf/hotel/english00128_c12e630c1e53da33fcd8888af3c9366c.kaf
	Number of opinion expressions: 4
	Number of opinion targets: 5
	Number of characters of the text: 251
Processing file /home/izquierdo/data/opinion_annotations_en/kaf/hotel/english00027_212cc0ac0b2714f3896567c3f90b8083.kaf
	Number of opinion expressions: 8
	Number of opinion targets: 5
	Number of characters of the text: 232
Processing file /home/izquierdo/data/opinion_annotations_en/kaf/hotel/english00069_4a24f9e92c2bd08de2cf29567b4464ab.kaf
	Number of opinion expressions: 18
	Number of opinion targets: 12
	Number of characters of the text: 684
Processing file /home/izquierdo/data/opinion_annotations_en/kaf/hotel/english00017_126db59e0dd9627317e68ff4bc36ec4e.kaf
	Number of opinion expressions: 6
	Number of opinion targets: 4
	Number of characters of the text: 203
Processing file /home/izquierdo/data/opinion_annotations_en/kaf/hotel/english00011_131b37a0eb5542ccbdbd5e0139875027.kaf
	Number of opinion expressions: 5
	Number of opinion targets: 4
	Number of characters of the text: 261
Processing file /home/izquierdo/data/opinion_annotations_en/kaf/hotel/english00029_23f919aca4ec4331ef32567446df366b.kaf
	Number of opinion expressions: 11
	Number of opinion targets: 9
	Number of characters of the text: 472
Processing file /home/izquierdo/data/opinion_annotations_en/kaf/hotel/english00144_a46bae1c25cf09ef3cce8d9e8969fb3c.kaf
	Number of opinion expressions: 6
	Number of opinion targets: 4
	Number of characters of the text: 576
Processing file /home/izquierdo/data/opinion_annotations_en/kaf/hotel/english00098_6b5fbe72036288eabd1dbaaea1f6ba05.kaf
	Number of opinion expressions: 9
	Number of opinion targets: 6
	Number of characters of the text: 463
Processing file /home/izquierdo/data/opinion_annotations_en/kaf/hotel/english00086_5f8333203decf8cdff3fe67a1d5305f2.kaf
	Number of opinion expressions: 8
	Number of opinion targets: 7
	Number of characters of the text: 310
Processing file /home/izquierdo/data/opinion_annotations_en/kaf/hotel/english00062_5bd3a95e9dfb0f52cefe4255c3b7c269.kaf
	Number of opinion expressions: 6
	Number of opinion targets: 6
	Number of characters of the text: 248
Processing file /home/izquierdo/data/opinion_annotations_en/kaf/hotel/english00119_af5719d02865c6080b91c7b8ef767197.kaf
	Number of opinion expressions: 13
	Number of opinion targets: 11
	Number of characters of the text: 303
Processing file /home/izquierdo/data/opinion_annotations_en/kaf/hotel/english00018_1c8fe1a1ec55fa6378ad8feda0c756f5.kaf
	Number of opinion expressions: 2
	Number of opinion targets: 2
	Number of characters of the text: 287
Processing file /home/izquierdo/data/opinion_annotations_en/kaf/hotel/english00083_7b3d49a3481f9f590bab53cb14befd11.kaf
	Number of opinion expressions: 10
	Number of opinion targets: 10
	Number of characters of the text: 468
Processing file /home/izquierdo/data/opinion_annotations_en/kaf/hotel/english00106_95e12d763c34248a2836b2b210c1cbd1.kaf
	Number of opinion expressions: 12
	Number of opinion targets: 10
	Number of characters of the text: 431
Processing file /home/izquierdo/data/opinion_annotations_en/kaf/hotel/english00072_6b9301e0c6f1d065bff360b1426d7359.kaf
	Number of opinion expressions: 7
	Number of opinion targets: 6
	Number of characters of the text: 223
Processing file /home/izquierdo/data/opinion_annotations_en/kaf/hotel/english00040_2bdfcdf199dcab6742b51f67af5d1973.kaf
	Number of opinion expressions: 9
	Number of opinion targets: 6
	Number of characters of the text: 242
Processing file /home/izquierdo/data/opinion_annotations_en/kaf/hotel/english00110_7a012157f787f3c49871371b3f64b382.kaf
	Number of opinion expressions: 11
	Number of opinion targets: 4
	Number of characters of the text: 418
Processing file /home/izquierdo/data/opinion_annotations_en/kaf/hotel/english00024_1b0ecaba814a19d19f168dd40cf3e453.kaf
	Number of opinion expressions: 11
	Number of opinion targets: 6
	Number of characters of the text: 228
Processing file /home/izquierdo/data/opinion_annotations_en/kaf/hotel/english00017_1c5a6b82b906abfab18d3a6f2822e5c7.kaf
	Number of opinion expressions: 9
	Number of opinion targets: 6
	Number of characters of the text: 210
Processing file /home/izquierdo/data/opinion_annotations_en/kaf/hotel/english00064_44a8dcf3c187daf475079544020551a7.kaf
	Number of opinion expressions: 9
	Number of opinion targets: 5
	Number of characters of the text: 463
Processing file /home/izquierdo/data/opinion_annotations_en/kaf/hotel/english00016_11a7438da9079d8877337b8f0d366f3b.kaf
	Number of opinion expressions: 5
	Number of opinion targets: 3
	Number of characters of the text: 245
Processing file /home/izquierdo/data/opinion_annotations_en/kaf/hotel/english00085_7d628a96745874778b8273c859ca3707.kaf
	Number of opinion expressions: 6
	Number of opinion targets: 6
	Number of characters of the text: 214
Processing file /home/izquierdo/data/opinion_annotations_en/kaf/hotel/english00011_0b57ac0ca85693440968f8de6deb7ca4.kaf
	Number of opinion expressions: 9
	Number of opinion targets: 9
	Number of characters of the text: 444
Processing file /home/izquierdo/data/opinion_annotations_en/kaf/hotel/english00120_88e1e5f479d88d91230051420b9fbce5.kaf
	Number of opinion expressions: 13
	Number of opinion targets: 9
	Number of characters of the text: 703
Processing file /home/izquierdo/data/opinion_annotations_en/kaf/hotel/english00096_67ff9aa81685aeed1b5df28f936e8b72.kaf
	Number of opinion expressions: 8
	Number of opinion targets: 4
	Number of characters of the text: 421
Processing file /home/izquierdo/data/opinion_annotations_en/kaf/hotel/english00031_2f2df76ec4c6b471d2316ddad5fe103a.kaf
	Number of opinion expressions: 15
	Number of opinion targets: 11
	Number of characters of the text: 729
Processing file /home/izquierdo/data/opinion_annotations_en/kaf/hotel/english00081_5a3f2f66182de61beb3b6079a33bafd6.kaf
	Number of opinion expressions: 17
	Number of opinion targets: 11
	Number of characters of the text: 646
Processing file /home/izquierdo/data/opinion_annotations_en/kaf/hotel/english00211_f52aae59d828fa27be9786f12250cbc1.kaf
	Number of opinion expressions: 13
	Number of opinion targets: 9
	Number of characters of the text: 702
Processing file /home/izquierdo/data/opinion_annotations_en/kaf/hotel/english00094_679dbf2a8a74195a9db0e990ffc0ca34.kaf
	Number of opinion expressions: 11
	Number of opinion targets: 8
	Number of characters of the text: 300
Processing file /home/izquierdo/data/opinion_annotations_en/kaf/hotel/english00030_2e4f193ed7a254c92854201a12034580.kaf
	Number of opinion expressions: 11
	Number of opinion targets: 9
	Number of characters of the text: 285
Processing file /home/izquierdo/data/opinion_annotations_en/kaf/hotel/english00048_330a5ab04e60387e950ee841248466fb.kaf
	Number of opinion expressions: 10
	Number of opinion targets: 9
	Number of characters of the text: 592
Processing file /home/izquierdo/data/opinion_annotations_en/kaf/hotel/english00111_a0c1adca8aa3f8cebb3b188d2a3e6fbf.kaf
	Number of opinion expressions: 5
	Number of opinion targets: 5
	Number of characters of the text: 264
Processing file /home/izquierdo/data/opinion_annotations_en/kaf/hotel/english00025_25e1ee6570178c6f23913e36f29e6ee5.kaf
	Number of opinion expressions: 11
	Number of opinion targets: 8
	Number of characters of the text: 294
Processing file /home/izquierdo/data/opinion_annotations_en/kaf/hotel/english00103_70f105c2cd8744e7b68ed59e8ce1f551.kaf
	Number of opinion expressions: 16
	Number of opinion targets: 15
	Number of characters of the text: 571
Processing file /home/izquierdo/data/opinion_annotations_en/kaf/hotel/english00107_9681dc4bcaa892dfbe8b2a8a5fc6cbc9.kaf
	Number of opinion expressions: 6
	Number of opinion targets: 6
	Number of characters of the text: 367
Processing file /home/izquierdo/data/opinion_annotations_en/kaf/hotel/english00075_5080a24c245436ea37006171ebb61bc6.kaf
	Number of opinion expressions: 9
	Number of opinion targets: 8
	Number of characters of the text: 247
Processing file /home/izquierdo/data/opinion_annotations_en/kaf/hotel/english00217_f95aef055b04f1920823196c6e9f590c.kaf
	Number of opinion expressions: 8
	Number of opinion targets: 7
	Number of characters of the text: 525
Processing file /home/izquierdo/data/opinion_annotations_en/kaf/hotel/english00021_175f405c5bc3db2c7e1207bc21346d43.kaf
	Number of opinion expressions: 8
	Number of opinion targets: 5
	Number of characters of the text: 554
Processing file /home/izquierdo/data/opinion_annotations_en/kaf/hotel/english00014_17224596ebb4a03e814c12ea1c18e41e.kaf
	Number of opinion expressions: 14
	Number of opinion targets: 10
	Number of characters of the text: 650
Processing file /home/izquierdo/data/opinion_annotations_en/kaf/hotel/english00026_26166c1c770097c59c592245ac16bca3.kaf
	Number of opinion expressions: 4
	Number of opinion targets: 3
	Number of characters of the text: 266
Processing file /home/izquierdo/data/opinion_annotations_en/kaf/hotel/english00171_ffe95b295f490f294d4339bca8ff38bf.kaf
	Number of opinion expressions: 13
	Number of opinion targets: 16
	Number of characters of the text: 856
Processing file /home/izquierdo/data/opinion_annotations_en/kaf/hotel/english00145_a48ddc31975172ca7a8a75bd936d4dd2.kaf
	Number of opinion expressions: 16
	Number of opinion targets: 9
	Number of characters of the text: 596
Processing file /home/izquierdo/data/opinion_annotations_en/kaf/hotel/english00124_8c6f0945c9912a7d70762aac3ae98526.kaf
	Number of opinion expressions: 7
	Number of opinion targets: 4
	Number of characters of the text: 490
Processing file /home/izquierdo/data/opinion_annotations_en/kaf/hotel/english00043_3c2df785993056eeacbe336f8656f53f.kaf
	Number of opinion expressions: 7
	Number of opinion targets: 5
	Number of characters of the text: 412
Processing file /home/izquierdo/data/opinion_annotations_en/kaf/hotel/english00050_34bc77fca0b57cf4eeaa3621e1b4f2db.kaf
	Number of opinion expressions: 3
	Number of opinion targets: 4
	Number of characters of the text: 212
Processing file /home/izquierdo/data/opinion_annotations_en/kaf/hotel/english00115_8307a340e7d47fe68eb66c2a428ae88e.kaf
	Number of opinion expressions: 9
	Number of opinion targets: 12
	Number of characters of the text: 636
Processing file /home/izquierdo/data/opinion_annotations_en/kaf/hotel/english00049_48802aa32b3b84b25bace6b4f52b829b.kaf
	Number of opinion expressions: 9
	Number of opinion targets: 8
	Number of characters of the text: 360
Processing file /home/izquierdo/data/opinion_annotations_en/kaf/hotel/english00152_af8d5bdcad72c3e0f0dc29930f2b11c4.kaf
	Number of opinion expressions: 14
	Number of opinion targets: 12
	Number of characters of the text: 723
Processing file /home/izquierdo/data/opinion_annotations_en/kaf/hotel/english00020_1e08fbd09d0d194f477067636061b618.kaf
	Number of opinion expressions: 12
	Number of opinion targets: 10
	Number of characters of the text: 320
Processing file /home/izquierdo/data/opinion_annotations_en/kaf/hotel/english00213_f578dc1efdd03b8b4bbd8c7958a7121a.kaf
	Number of opinion expressions: 8
	Number of opinion targets: 6
	Number of characters of the text: 872
Processing file /home/izquierdo/data/opinion_annotations_en/kaf/hotel/english00135_cf437684333d2d7a16753ea12607b92d.kaf
	Number of opinion expressions: 7
	Number of opinion targets: 7
	Number of characters of the text: 285
Processing file /home/izquierdo/data/opinion_annotations_en/kaf/hotel/english00136_cf8140e17a3855f7a4a38936d6193415.kaf
	Number of opinion expressions: 11
	Number of opinion targets: 6
	Number of characters of the text: 476
Processing file /home/izquierdo/data/opinion_annotations_en/kaf/hotel/english00100_8fd838178289a9843ec4ef6b682583c7.kaf
	Number of opinion expressions: 15
	Number of opinion targets: 10
	Number of characters of the text: 720
Processing file /home/izquierdo/data/opinion_annotations_en/kaf/hotel/english00099_8d262261cbe86c413d821b2f979091d7.kaf
	Number of opinion expressions: 12
	Number of opinion targets: 9
	Number of characters of the text: 668
Processing file /home/izquierdo/data/opinion_annotations_en/kaf/hotel/english00033_3291fb60684285aba4a4406dbb542ffe.kaf
	Number of opinion expressions: 11
	Number of opinion targets: 12
	Number of characters of the text: 228
Processing file /home/izquierdo/data/opinion_annotations_en/kaf/hotel/english00134_94658e39af0d72b00ead2ac314bf7074.kaf
	Number of opinion expressions: 19
	Number of opinion targets: 13
	Number of characters of the text: 679
Processing file /home/izquierdo/data/opinion_annotations_en/kaf/hotel/english00166_f7728afec332f1f0616df555ace9f3e3.kaf
	Number of opinion expressions: 3
	Number of opinion targets: 3
	Number of characters of the text: 205
Processing file /home/izquierdo/data/opinion_annotations_en/kaf/hotel/english00061_5a2c33e8d9590da400eafa0538d9c7ab.kaf
	Number of opinion expressions: 12
	Number of opinion targets: 11
	Number of characters of the text: 685
Processing file /home/izquierdo/data/opinion_annotations_en/kaf/hotel/english00046_30f9c38ed7c2c92efa32e574b77f20a4.kaf
	Number of opinion expressions: 10
	Number of opinion targets: 10
	Number of characters of the text: 286
Processing file /home/izquierdo/data/opinion_annotations_en/kaf/hotel/english00122_b509ee1b998f3418b1fd4a8096880441.kaf
	Number of opinion expressions: 7
	Number of opinion targets: 5
	Number of characters of the text: 235
Processing file /home/izquierdo/data/opinion_annotations_en/kaf/hotel/english00066_61fcc37bea97947889c9eda199e315bc.kaf
	Number of opinion expressions: 9
	Number of opinion targets: 17
	Number of characters of the text: 389
Processing file /home/izquierdo/data/opinion_annotations_en/kaf/hotel/english00168_ccbc302398f430b04125f4355c4bda0b.kaf
	Number of opinion expressions: 7
	Number of opinion targets: 3
	Number of characters of the text: 478
Processing file /home/izquierdo/data/opinion_annotations_en/kaf/hotel/english00045_308abf0d21bd195544447890f464633b.kaf
	Number of opinion expressions: 14
	Number of opinion targets: 13
	Number of characters of the text: 590
Processing file /home/izquierdo/data/opinion_annotations_en/kaf/hotel/english00063_42d4204c80a4c1c2cb4b8532830a6eef.kaf
	Number of opinion expressions: 11
	Number of opinion targets: 10
	Number of characters of the text: 626
Processing file /home/izquierdo/data/opinion_annotations_en/kaf/hotel/english00082_7752a35e07ce26cba8b991bed66406cd.kaf
	Number of opinion expressions: 8
	Number of opinion targets: 6
	Number of characters of the text: 412
Processing file /home/izquierdo/data/opinion_annotations_en/kaf/hotel/english00098_8d034b0d55c5dd6d5e4348f3e2753415.kaf
	Number of opinion expressions: 2
	Number of opinion targets: 2
	Number of characters of the text: 224
Processing file /home/izquierdo/data/opinion_annotations_en/kaf/hotel/english00177_d29a9230343e07be3eb508904316f07a.kaf
	Number of opinion expressions: 5
	Number of opinion targets: 6
	Number of characters of the text: 532
Processing file /home/izquierdo/data/opinion_annotations_en/kaf/hotel/english00067_4660eefa5360eec1cae21a413d87b606.kaf
	Number of opinion expressions: 15
	Number of opinion targets: 11
	Number of characters of the text: 494
Processing file /home/izquierdo/data/opinion_annotations_en/kaf/hotel/english00138_9f942cd30f42d0abad59c036950aef81.kaf
	Number of opinion expressions: 14
	Number of opinion targets: 15
	Number of characters of the text: 715
Processing file /home/izquierdo/data/opinion_annotations_en/kaf/hotel/english00134_cf0b613b563d8d3fa345137e27c51db0.kaf
	Number of opinion expressions: 8
	Number of opinion targets: 7
	Number of characters of the text: 276
Processing file /home/izquierdo/data/opinion_annotations_en/kaf/hotel/english00174_d17101d1a57b02253f587545a889ecbe.kaf
	Number of opinion expressions: 12
	Number of opinion targets: 9
	Number of characters of the text: 794
Processing file /home/izquierdo/data/opinion_annotations_en/kaf/hotel/english00113_8161bacaf54503f451c7246b073003a5.kaf
	Number of opinion expressions: 19
	Number of opinion targets: 12
	Number of characters of the text: 614
Processing file /home/izquierdo/data/opinion_annotations_en/kaf/hotel/english00090_815fcb57ec9f59f056ff9c20471e33a6.kaf
	Number of opinion expressions: 10
	Number of opinion targets: 8
	Number of characters of the text: 256
Processing file /home/izquierdo/data/opinion_annotations_en/kaf/hotel/english00103_9470bc3be06f9d9696662a605dc0bdfe.kaf
	Number of opinion expressions: 7
	Number of opinion targets: 6
	Number of characters of the text: 404
Processing file /home/izquierdo/data/opinion_annotations_en/kaf/hotel/english00225_ffb11fd9fc93b3b74cde6a9dcb91be15.kaf
	Number of opinion expressions: 17
	Number of opinion targets: 14
	Number of characters of the text: 450
Processing file /home/izquierdo/data/opinion_annotations_en/kaf/hotel/english00105_94806e4b92092b3243eeee8623cbd2d5.kaf
	Number of opinion expressions: 4
	Number of opinion targets: 4
	Number of characters of the text: 313
Processing file /home/izquierdo/data/opinion_annotations_en/kaf/hotel/english00185_db05e0757f02b90cd0bfea7d0bc9349b.kaf
	Number of opinion expressions: 13
	Number of opinion targets: 8
	Number of characters of the text: 380
Processing file /home/izquierdo/data/opinion_annotations_en/kaf/hotel/english00135_977b29727cbd452452362a22780ee24a.kaf
	Number of opinion expressions: 13
	Number of opinion targets: 15
	Number of characters of the text: 589
Processing file /home/izquierdo/data/opinion_annotations_en/kaf/hotel/english00091_853b414324fb48646a3e8e6c63d384a7.kaf
	Number of opinion expressions: 13
	Number of opinion targets: 12
	Number of characters of the text: 531
Processing file /home/izquierdo/data/opinion_annotations_en/kaf/hotel/english00033_278f0d3e92138fc504c2e4479a9f3169.kaf
	Number of opinion expressions: 18
	Number of opinion targets: 13
	Number of characters of the text: 678
Processing file /home/izquierdo/data/opinion_annotations_en/kaf/hotel/english00171_cebaff52e17c933972109ed500b1e231.kaf
	Number of opinion expressions: 11
	Number of opinion targets: 10
	Number of characters of the text: 715
Processing file /home/izquierdo/data/opinion_annotations_en/kaf/hotel/english00005_07fd29e078dd0aaf439ecb54b2505e3e.kaf
	Number of opinion expressions: 7
	Number of opinion targets: 4
	Number of characters of the text: 224
Processing file /home/izquierdo/data/opinion_annotations_en/kaf/hotel/english00131_c79cbcb89e31c9e5dea4c13b0f9284e2.kaf
	Number of opinion expressions: 13
	Number of opinion targets: 7
	Number of characters of the text: 595
Processing file /home/izquierdo/data/opinion_annotations_en/kaf/hotel/english00133_9338d508d8b84cf266895d9d657d5534.kaf
	Number of opinion expressions: 15
	Number of opinion targets: 14
	Number of characters of the text: 721
Processing file /home/izquierdo/data/opinion_annotations_en/kaf/hotel/english00148_a8f22a1581a9321d3fcf61a4e058c4c7.kaf
	Number of opinion expressions: 13
	Number of opinion targets: 6
	Number of characters of the text: 578
Processing file /home/izquierdo/data/opinion_annotations_en/kaf/hotel/english00172_cee4504ab4cc06e93f44e33ed1e02b4f.kaf
	Number of opinion expressions: 14
	Number of opinion targets: 13
	Number of characters of the text: 401
Processing file /home/izquierdo/data/opinion_annotations_en/kaf/hotel/english00039_365438de569d3e3a574c4efd2bf8a740.kaf
	Number of opinion expressions: 9
	Number of opinion targets: 7
	Number of characters of the text: 374
Processing file /home/izquierdo/data/opinion_annotations_en/kaf/hotel/english00181_d6268f562e72d127b5634d64f8ae9ff7.kaf
	Number of opinion expressions: 12
	Number of opinion targets: 10
	Number of characters of the text: 368
Processing file /home/izquierdo/data/opinion_annotations_en/kaf/hotel/english00119_87592391676400841788a226180f257e.kaf
	Number of opinion expressions: 13
	Number of opinion targets: 9
	Number of characters of the text: 671
Processing file /home/izquierdo/data/opinion_annotations_en/kaf/hotel/english00224_ff56e9e0d142b5794467b54fd6264695.kaf
	Number of opinion expressions: 3
	Number of opinion targets: 3
	Number of characters of the text: 437
Processing file /home/izquierdo/data/opinion_annotations_en/kaf/hotel/english00003_068b3a3273680d4b271a2819ff1d5b18.kaf
	Number of opinion expressions: 9
	Number of opinion targets: 6
	Number of characters of the text: 483
Processing file /home/izquierdo/data/opinion_annotations_en/kaf/hotel/english00205_f195ccdc0ccd520524bd7073cee0da55.kaf
	Number of opinion expressions: 8
	Number of opinion targets: 5
	Number of characters of the text: 485
Processing file /home/izquierdo/data/opinion_annotations_en/kaf/hotel/english00152_e21c7701a10b308600b458c9ae9d1795.kaf
	Number of opinion expressions: 5
	Number of opinion targets: 5
	Number of characters of the text: 369
Processing file /home/izquierdo/data/opinion_annotations_en/kaf/hotel/english00059_572d2abf5b0020974b5e8838c9205793.kaf
	Number of opinion expressions: 6
	Number of opinion targets: 5
	Number of characters of the text: 303
Processing file /home/izquierdo/data/opinion_annotations_en/kaf/hotel/english00146_dc6ed17346231f40aed08dcb4c1e24ae.kaf
	Number of opinion expressions: 5
	Number of opinion targets: 7
	Number of characters of the text: 294
Processing file /home/izquierdo/data/opinion_annotations_en/kaf/hotel/english00051_496c24f962c80bf3bb9efff898020602.kaf
	Number of opinion expressions: 9
	Number of opinion targets: 7
	Number of characters of the text: 418
Processing file /home/izquierdo/data/opinion_annotations_en/kaf/hotel/english00221_fbcfafad33cef47cd341ecc409a0f76a.kaf
	Number of opinion expressions: 7
	Number of opinion targets: 6
	Number of characters of the text: 648
Processing file /home/izquierdo/data/opinion_annotations_en/kaf/hotel/english00208_f3cda64b61b97422c0c9447ca58a04e7.kaf
	Number of opinion expressions: 18
	Number of opinion targets: 13
	Number of characters of the text: 628
Processing file /home/izquierdo/data/opinion_annotations_en/kaf/hotel/english00104_947bd677207447b46cf3fb52fec458f6.kaf
	Number of opinion expressions: 8
	Number of opinion targets: 7
	Number of characters of the text: 342
Processing file /home/izquierdo/data/opinion_annotations_en/kaf/hotel/english00045_3f6f291af6eeef8270f1182d15e7b845.kaf
	Number of opinion expressions: 11
	Number of opinion targets: 9
	Number of characters of the text: 462
Processing file /home/izquierdo/data/opinion_annotations_en/kaf/hotel/english00070_67e24dc57e51e8ecd836794d7292ac4b.kaf
	Number of opinion expressions: 2
	Number of opinion targets: 2
	Number of characters of the text: 238
Processing file /home/izquierdo/data/opinion_annotations_en/kaf/hotel/english00187_dd0dcb1721b8e90ddd81311297fb269f.kaf
	Number of opinion expressions: 8
	Number of opinion targets: 7
	Number of characters of the text: 646
Processing file /home/izquierdo/data/opinion_annotations_en/kaf/hotel/english00175_d1946c32cbf32bfe30fcc2714b64f184.kaf
	Number of opinion expressions: 11
	Number of opinion targets: 12
	Number of characters of the text: 447
Processing file /home/izquierdo/data/opinion_annotations_en/kaf/hotel/english00137_d0076e7082a3d636c5dff014eb7eaf3f.kaf
	Number of opinion expressions: 4
	Number of opinion targets: 4
	Number of characters of the text: 303
Processing file /home/izquierdo/data/opinion_annotations_en/kaf/hotel/english00197_e87710263ba7abf98f3e5e20633bd77b.kaf
	Number of opinion expressions: 6
	Number of opinion targets: 2
	Number of characters of the text: 710
Processing file /home/izquierdo/data/opinion_annotations_en/kaf/hotel/english00080_749e7f78949835ec51256019a03818a5.kaf
	Number of opinion expressions: 7
	Number of opinion targets: 7
	Number of characters of the text: 345
Processing file /home/izquierdo/data/opinion_annotations_en/kaf/hotel/english00222_fd5bd3330c0b96b7ddc0ff8e0482a572.kaf
	Number of opinion expressions: 6
	Number of opinion targets: 5
	Number of characters of the text: 258
Processing file /home/izquierdo/data/opinion_annotations_en/kaf/hotel/english00201_e9c2c8e0381cf0343c58aa1504606625.kaf
	Number of opinion expressions: 14
	Number of opinion targets: 10
	Number of characters of the text: 560
Processing file /home/izquierdo/data/opinion_annotations_en/kaf/hotel/english00038_3630f623138397b96ee2a4794334e86f.kaf
	Number of opinion expressions: 7
	Number of opinion targets: 4
	Number of characters of the text: 245
Processing file /home/izquierdo/data/opinion_annotations_en/kaf/hotel/english00124_ba956e0b6ec97a87d5125f0ef40160fa.kaf
	Number of opinion expressions: 12
	Number of opinion targets: 13
	Number of characters of the text: 590
Processing file /home/izquierdo/data/opinion_annotations_en/kaf/hotel/english00148_ddb06f1e4ab012d85f9120c394168c48.kaf
	Number of opinion expressions: 10
	Number of opinion targets: 9
	Number of characters of the text: 400
Processing file /home/izquierdo/data/opinion_annotations_en/kaf/hotel/english00195_e73656ac387fb1d16eee3f0baafa97d3.kaf
	Number of opinion expressions: 15
	Number of opinion targets: 11
	Number of characters of the text: 689
Processing file /home/izquierdo/data/opinion_annotations_en/kaf/hotel/english00102_94366a88fc752c9ebd6fd05ab6af034f.kaf
	Number of opinion expressions: 12
	Number of opinion targets: 9
	Number of characters of the text: 307
Processing file /home/izquierdo/data/opinion_annotations_en/kaf/hotel/english00010_111141faf5317cc30895165ff77fa44e.kaf
	Number of opinion expressions: 6
	Number of opinion targets: 4
	Number of characters of the text: 200
Processing file /home/izquierdo/data/opinion_annotations_en/kaf/hotel/english00036_349ebe85f602e78db8ef55d26a5302d6.kaf
	Number of opinion expressions: 10
	Number of opinion targets: 9
	Number of characters of the text: 842
Processing file /home/izquierdo/data/opinion_annotations_en/kaf/hotel/english00184_d7ca7d0cb578ae9a29e19f30e07db296.kaf
	Number of opinion expressions: 11
	Number of opinion targets: 9
	Number of characters of the text: 642
Processing file /home/izquierdo/data/opinion_annotations_en/kaf/hotel/english00116_831cc9fe88a0736a7b046d5aaaaf2fb8.kaf
	Number of opinion expressions: 15
	Number of opinion targets: 10
	Number of characters of the text: 518
Processing file /home/izquierdo/data/opinion_annotations_en/kaf/hotel/english00064_5fe84dfe3d4af6e6b8ef7b2ca8ac6c8f.kaf
	Number of opinion expressions: 7
	Number of opinion targets: 8
	Number of characters of the text: 257
Processing file /home/izquierdo/data/opinion_annotations_en/kaf/hotel/english00193_e5e283831d59fcab51f830250aeb99ac.kaf
	Number of opinion expressions: 8
	Number of opinion targets: 4
	Number of characters of the text: 410
Processing file /home/izquierdo/data/opinion_annotations_en/kaf/hotel/english00101_6f72b7c2e06d83567bef5cab29f706b4.kaf
	Number of opinion expressions: 15
	Number of opinion targets: 14
	Number of characters of the text: 749
Processing file /home/izquierdo/data/opinion_annotations_en/kaf/hotel/english00055_3a25a75c390c818d9006a41a88c36d5e.kaf
	Number of opinion expressions: 11
	Number of opinion targets: 7
	Number of characters of the text: 612
Processing file /home/izquierdo/data/opinion_annotations_en/kaf/hotel/english00075_6ec3813631e401743488b9fcf0d114c0.kaf
	Number of opinion expressions: 7
	Number of opinion targets: 7
	Number of characters of the text: 255
Processing file /home/izquierdo/data/opinion_annotations_en/kaf/hotel/english00137_9c579b8cf94f28896aee0aefb43f457a.kaf
	Number of opinion expressions: 18
	Number of opinion targets: 12
	Number of characters of the text: 663
Processing file /home/izquierdo/data/opinion_annotations_en/kaf/hotel/english00156_bceddd6fce4fdf6cc6c030fee377f4aa.kaf
	Number of opinion expressions: 13
	Number of opinion targets: 7
	Number of characters of the text: 664
Processing file /home/izquierdo/data/opinion_annotations_en/kaf/hotel/english00022_1954f2d7d3a473fbfe171642d4b2d5c3.kaf
	Number of opinion expressions: 13
	Number of opinion targets: 12
	Number of characters of the text: 463
Processing file /home/izquierdo/data/opinion_annotations_en/kaf/hotel/english00163_c6834d0bda8a1f9ab34b9f9f3d718d6e.kaf
	Number of opinion expressions: 6
	Number of opinion targets: 7
	Number of characters of the text: 526
Processing file /home/izquierdo/data/opinion_annotations_en/kaf/hotel/english00002_045366be21ab4ec0f94328a168da59db.kaf
	Number of opinion expressions: 8
	Number of opinion targets: 9
	Number of characters of the text: 318
Processing file /home/izquierdo/data/opinion_annotations_en/kaf/hotel/english00079_56e938144b3f148d2c6cdffa4e01b0f2.kaf
	Number of opinion expressions: 10
	Number of opinion targets: 6
	Number of characters of the text: 664
Processing file /home/izquierdo/data/opinion_annotations_en/kaf/hotel/english00054_383c9bd9d83d938ba9cc5d84d2d07b90.kaf
	Number of opinion expressions: 11
	Number of opinion targets: 13
	Number of characters of the text: 400
Processing file /home/izquierdo/data/opinion_annotations_en/kaf/hotel/english00074_5043dc58494745b461da0773b8d0a648.kaf
	Number of opinion expressions: 8
	Number of opinion targets: 4
	Number of characters of the text: 650
Processing file /home/izquierdo/data/opinion_annotations_en/kaf/hotel/english00105_71e28d21015ec527b53c9bccc92e1484.kaf
	Number of opinion expressions: 12
	Number of opinion targets: 9
	Number of characters of the text: 642
Processing file /home/izquierdo/data/opinion_annotations_en/kaf/hotel/english00149_aa9eb0dd94281b1d1b5182662c047aff.kaf
	Number of opinion expressions: 11
	Number of opinion targets: 7
	Number of characters of the text: 640
Processing file /home/izquierdo/data/opinion_annotations_en/kaf/hotel/english00151_ad2e6a8bc55be7d227386457521f027e.kaf
	Number of opinion expressions: 8
	Number of opinion targets: 6
	Number of characters of the text: 398
Processing file /home/izquierdo/data/opinion_annotations_en/kaf/hotel/english00111_7e37d7718b8ccf612d92fb00430ce8d4.kaf
	Number of opinion expressions: 12
	Number of opinion targets: 9
	Number of characters of the text: 587
Processing file /home/izquierdo/data/opinion_annotations_en/kaf/hotel/english00154_b4048693d266de56e7b28c1eee54373f.kaf
	Number of opinion expressions: 7
	Number of opinion targets: 5
	Number of characters of the text: 403
Processing file /home/izquierdo/data/opinion_annotations_en/kaf/hotel/english00186_dc77db487ecc3ad5d7d91223a8601077.kaf
	Number of opinion expressions: 7
	Number of opinion targets: 8
	Number of characters of the text: 686
Processing file /home/izquierdo/data/opinion_annotations_en/kaf/hotel/english00052_4a4cd207a2954456032448bba8ffd94a.kaf
	Number of opinion expressions: 5
	Number of opinion targets: 3
	Number of characters of the text: 292
Processing file /home/izquierdo/data/opinion_annotations_en/kaf/hotel/english00002_0685261321182f93763efabe4099a840.kaf
	Number of opinion expressions: 7
	Number of opinion targets: 6
	Number of characters of the text: 237
Processing file /home/izquierdo/data/opinion_annotations_en/kaf/hotel/english00118_aea36867626915cb3f94bc7c17ec5bb9.kaf
	Number of opinion expressions: 8
	Number of opinion targets: 5
	Number of characters of the text: 285
Processing file /home/izquierdo/data/opinion_annotations_en/kaf/hotel/english00008_10e173fd9424671dec7c7e24b3d9a765.kaf
	Number of opinion expressions: 7
	Number of opinion targets: 5
	Number of characters of the text: 303
Processing file /home/izquierdo/data/opinion_annotations_en/kaf/hotel/english00037_35d9be6b9cb3cac694bfa6f7bc557e2a.kaf
	Number of opinion expressions: 6
	Number of opinion targets: 5
	Number of characters of the text: 247
Processing file /home/izquierdo/data/opinion_annotations_en/kaf/hotel/english00116_ac10e737525bd5d17d46136365292387.kaf
	Number of opinion expressions: 11
	Number of opinion targets: 6
	Number of characters of the text: 349
Processing file /home/izquierdo/data/opinion_annotations_en/kaf/hotel/english00027_26d6594c56d4b49217cbe8f914a026ee.kaf
	Number of opinion expressions: 7
	Number of opinion targets: 6
	Number of characters of the text: 292
Processing file /home/izquierdo/data/opinion_annotations_en/kaf/hotel/english00126_8d262261cbe86c413d821b2f979091d7.kaf
	Number of opinion expressions: 9
	Number of opinion targets: 8
	Number of characters of the text: 668
Processing file /home/izquierdo/data/opinion_annotations_en/kaf/hotel/english00216_f7c75ca42432376cd15a2aff7694125b.kaf
	Number of opinion expressions: 11
	Number of opinion targets: 11
	Number of characters of the text: 314
Processing file /home/izquierdo/data/opinion_annotations_en/kaf/hotel/english00145_db78c6e6fe3f04b1e4ace2f8475ae3a1.kaf
	Number of opinion expressions: 10
	Number of opinion targets: 7
	Number of characters of the text: 248
Processing file /home/izquierdo/data/opinion_annotations_en/kaf/hotel/english00053_4ad390d5c13d2f2507ede48c360c0fc2.kaf
	Number of opinion expressions: 11
	Number of opinion targets: 10
	Number of characters of the text: 362
Processing file /home/izquierdo/data/opinion_annotations_en/kaf/hotel/english00001_039d4b7b17acc9ef4243f32de0e3c70e.kaf
	Number of opinion expressions: 5
	Number of opinion targets: 4
	Number of characters of the text: 246
Processing file /home/izquierdo/data/opinion_annotations_en/kaf/hotel/english00150_ddccae6ba77c2fb675cba2d338b9baf2.kaf
	Number of opinion expressions: 9
	Number of opinion targets: 8
	Number of characters of the text: 360
Processing file /home/izquierdo/data/opinion_annotations_en/kaf/hotel/english00151_de21bc4aef573cf6ec1065b90fd89128.kaf
	Number of opinion expressions: 3
	Number of opinion targets: 0
	Number of characters of the text: 244
Processing file /home/izquierdo/data/opinion_annotations_en/kaf/hotel/english00060_3f651800e6cfeae4225f40d33646d2e3.kaf
	Number of opinion expressions: 8
	Number of opinion targets: 5
	Number of characters of the text: 289
Processing file /home/izquierdo/data/opinion_annotations_en/kaf/hotel/english00125_bce630ab47dd16dfe5a755703c2b9aa8.kaf
	Number of opinion expressions: 10
	Number of opinion targets: 8
	Number of characters of the text: 348
Processing file /home/izquierdo/data/opinion_annotations_en/kaf/hotel/english00209_f48f5dee65f975a4e162333c113bbb98.kaf
	Number of opinion expressions: 7
	Number of opinion targets: 7
	Number of characters of the text: 267
Processing file /home/izquierdo/data/opinion_annotations_en/kaf/hotel/english00214_f731285c2d232cf15e5cdae66ab186b1.kaf
	Number of opinion expressions: 6
	Number of opinion targets: 5
	Number of characters of the text: 648
Processing file /home/izquierdo/data/opinion_annotations_en/kaf/hotel/english00078_567ffbf48c7c42186796e6b0d83435a7.kaf
	Number of opinion expressions: 13
	Number of opinion targets: 11
	Number of characters of the text: 436
Processing file /home/izquierdo/data/opinion_annotations_en/kaf/hotel/english00058_3f07a37d8cead854e90a1117e969f5ba.kaf
	Number of opinion expressions: 6
	Number of opinion targets: 3
	Number of characters of the text: 350
Processing file /home/izquierdo/data/opinion_annotations_en/kaf/hotel/english00092_86da0b1ff43887e94d990cf94bb5f4c4.kaf
	Number of opinion expressions: 9
	Number of opinion targets: 6
	Number of characters of the text: 255
Processing file /home/izquierdo/data/opinion_annotations_en/kaf/hotel/english00042_2dbcf7f512bdbc179565938c7899e2bb.kaf
	Number of opinion expressions: 7
	Number of opinion targets: 5
	Number of characters of the text: 206
Processing file /home/izquierdo/data/opinion_annotations_en/kaf/hotel/english00212_f568152a63b4fbfd670c87c0a36e8eb4.kaf
	Number of opinion expressions: 13
	Number of opinion targets: 5
	Number of characters of the text: 282
Processing file /home/izquierdo/data/opinion_annotations_en/kaf/hotel/english00164_f47aebce11fc3b76fecdd1db6a13904f.kaf
	Number of opinion expressions: 11
	Number of opinion targets: 8
	Number of characters of the text: 611
Processing file /home/izquierdo/data/opinion_annotations_en/kaf/hotel/english00219_fa68930c28a452677d4f82d9400ddf4a.kaf
	Number of opinion expressions: 8
	Number of opinion targets: 4
	Number of characters of the text: 359
Processing file /home/izquierdo/data/opinion_annotations_en/kaf/hotel/english00021_200ecfff7ef01cd7ca9402afef5965da.kaf
	Number of opinion expressions: 10
	Number of opinion targets: 6
	Number of characters of the text: 275
Processing file /home/izquierdo/data/opinion_annotations_en/kaf/hotel/english00073_6d0660face021ed117d3193124ae7849.kaf
	Number of opinion expressions: 5
	Number of opinion targets: 5
	Number of characters of the text: 172
Processing file /home/izquierdo/data/opinion_annotations_en/kaf/hotel/english00202_ea427e8ea6fc19b9e731d71736d4ec37.kaf
	Number of opinion expressions: 17
	Number of opinion targets: 10
	Number of characters of the text: 533
Processing file /home/izquierdo/data/opinion_annotations_en/kaf/hotel/english00059_3f1e667b4e85710912b3c6b5f2f74982.kaf
	Number of opinion expressions: 15
	Number of opinion targets: 6
	Number of characters of the text: 640
Processing file /home/izquierdo/data/opinion_annotations_en/kaf/hotel/english00109_980df01db43f25bb4b91abc951dafb0b.kaf
	Number of opinion expressions: 7
	Number of opinion targets: 7
	Number of characters of the text: 313
Processing file /home/izquierdo/data/opinion_annotations_en/kaf/hotel/english00109_79ca1184d4a69971b417cd4dba81d4ec.kaf
	Number of opinion expressions: 7
	Number of opinion targets: 6
	Number of characters of the text: 731
Processing file /home/izquierdo/data/opinion_annotations_en/kaf/hotel/english00163_f2de7a0618bb010682e1d91c2e554c63.kaf
	Number of opinion expressions: 11
	Number of opinion targets: 8
	Number of characters of the text: 274
Processing file /home/izquierdo/data/opinion_annotations_en/kaf/hotel/english00079_7316315f5cdc3a882fa166c3b06ee4dd.kaf
	Number of opinion expressions: 3
	Number of opinion targets: 3
	Number of characters of the text: 433
Processing file /home/izquierdo/data/opinion_annotations_en/kaf/hotel/english00084_7c2b332cc8d561a8e67377d62a3d353d.kaf
	Number of opinion expressions: 7
	Number of opinion targets: 9
	Number of characters of the text: 705
Processing file /home/izquierdo/data/opinion_annotations_en/kaf/hotel/english00056_4da74e0013851c14653a56c7edd06cd3.kaf
	Number of opinion expressions: 6
	Number of opinion targets: 6
	Number of characters of the text: 675
Processing file /home/izquierdo/data/opinion_annotations_en/kaf/hotel/english00180_d5ec496d5858acfbab77283dd350b0ec.kaf
	Number of opinion expressions: 14
	Number of opinion targets: 15
	Number of characters of the text: 613
Processing file /home/izquierdo/data/opinion_annotations_en/kaf/hotel/english00083_5ba276ffd77d50247a3ed3648b99d68c.kaf
	Number of opinion expressions: 7
	Number of opinion targets: 8
	Number of characters of the text: 743
Processing file /home/izquierdo/data/opinion_annotations_en/kaf/hotel/english00034_33d1133fd04f6fb786243b93779c8404.kaf
	Number of opinion expressions: 3
	Number of opinion targets: 2
	Number of characters of the text: 478
Processing file /home/izquierdo/data/opinion_annotations_en/kaf/hotel/english00057_5407ee0ce68f6d8dca6b6ffbd67fa2d8.kaf
	Number of opinion expressions: 4
	Number of opinion targets: 1
	Number of characters of the text: 262
Processing file /home/izquierdo/data/opinion_annotations_en/kaf/hotel/english00013_14591f42d565500798a36c93ae9436aa.kaf
	Number of opinion expressions: 5
	Number of opinion targets: 6
	Number of characters of the text: 262
Processing file /home/izquierdo/data/opinion_annotations_en/kaf/hotel/english00182_d63307c29a9ed27614084c81d5fc01f4.kaf
	Number of opinion expressions: 18
	Number of opinion targets: 12
	Number of characters of the text: 625
Processing file /home/izquierdo/data/opinion_annotations_en/kaf/hotel/english00170_fe19919b11b7ac3480d3fe451afd15a7.kaf
	Number of opinion expressions: 7
	Number of opinion targets: 7
	Number of characters of the text: 313
Processing file /home/izquierdo/data/opinion_annotations_en/kaf/hotel/english00047_32a5c3649c6e26068a8ec17fe933823a.kaf
	Number of opinion expressions: 12
	Number of opinion targets: 7
	Number of characters of the text: 640
Processing file /home/izquierdo/data/opinion_annotations_en/kaf/hotel/english00146_a4aa51ac8842ebd8efb2ccfce3a1f4f4.kaf
	Number of opinion expressions: 12
	Number of opinion targets: 11
	Number of characters of the text: 629
Processing file /home/izquierdo/data/opinion_annotations_en/kaf/hotel/english00129_9150a96dd72a24d353c25e60ae5e41f9.kaf
	Number of opinion expressions: 14
	Number of opinion targets: 11
	Number of characters of the text: 636
Processing file /home/izquierdo/data/opinion_annotations_en/kaf/hotel/english00204_f04a4b5b4a7860d6247ec60341bed0cf.kaf
	Number of opinion expressions: 13
	Number of opinion targets: 9
	Number of characters of the text: 581
Processing file /home/izquierdo/data/opinion_annotations_en/kaf/hotel/english00012_13287f4f9c645ff79357fe506a813696.kaf
	Number of opinion expressions: 11
	Number of opinion targets: 11
	Number of characters of the text: 721
Processing file /home/izquierdo/data/opinion_annotations_en/kaf/hotel/english00067_625f93a6fd3fb64fe7ce4a93291d1249.kaf
	Number of opinion expressions: 14
	Number of opinion targets: 10
	Number of characters of the text: 496
Processing file /home/izquierdo/data/opinion_annotations_en/kaf/hotel/english00161_c38b5291e24a1857d70357151f732e3f.kaf
	Number of opinion expressions: 10
	Number of opinion targets: 9
	Number of characters of the text: 303
Processing file /home/izquierdo/data/opinion_annotations_en/kaf/hotel/english00029_2a5891717bff19947a0b858a3b1e8230.kaf
	Number of opinion expressions: 10
	Number of opinion targets: 9
	Number of characters of the text: 322
Processing file /home/izquierdo/data/opinion_annotations_en/kaf/hotel/english00155_e51c6adb2b98c032a78935b3923537a0.kaf
	Number of opinion expressions: 7
	Number of opinion targets: 7
	Number of characters of the text: 253
Processing file /home/izquierdo/data/opinion_annotations_en/kaf/hotel/english00003_0726ad8554ba78a391080a2d6c705f2d.kaf
	Number of opinion expressions: 5
	Number of opinion targets: 5
	Number of characters of the text: 252
Processing file /home/izquierdo/data/opinion_annotations_en/kaf/hotel/english00055_4d655c9ba946f97054a68e96696600c4.kaf
	Number of opinion expressions: 8
	Number of opinion targets: 4
	Number of characters of the text: 244
Processing file /home/izquierdo/data/opinion_annotations_en/kaf/hotel/english00041_2d00f34ba5740320fabcdf32af67b83b.kaf
	Number of opinion expressions: 7
	Number of opinion targets: 5
	Number of characters of the text: 231
Processing file /home/izquierdo/data/opinion_annotations_en/kaf/hotel/english00198_e8893ad293f6ca6d1000776fba1d4af5.kaf
	Number of opinion expressions: 8
	Number of opinion targets: 12
	Number of characters of the text: 303
Total unique number of expression#polarity: 2131
Error expression not continuous: best ever !  Not included in output
Error expression not continuous: easily spot from a distance  Not included in output
Error expression not continuous: would like to visit again  Not included in output
Error expression not continuous: can ask for the price  Not included in output
Error expression not continuous: would certainly stay again  Not included in output
Error expression not continuous: will not stay in again  Not included in output
Error expression not continuous: had to get early to get a sunbed  Not included in output
Error expression not continuous: no was called to the reception  Not included in output
Error expression not continuous: there were available  Not included in output
Error expression not continuous: how grand looks  Not included in output
Error expression not continuous: are nearby  Not included in output
Error expression not continuous: sorted to everone 's satisfaction  Not included in output
Error expression not continuous: enjoyed very much  Not included in output
Error expression not continuous: returned 12 times  Not included in output
Error expression not continuous: not many around  Not included in output
Error expression not continuous: quickly remind why you chose this hotel  Not included in output
Error expression not continuous: not for family with kids or if you are used at 4 / 5 * comfort  Not included in output
Error expression not continuous: the best i have ever experienced  Not included in output
Error expression not continuous: works without any friendly touch  Not included in output
Error expression not continuous: the best i have ever been in !  Not included in output
Error expression not continuous: good for its price  Not included in output
Error expression not continuous: to keep happy  Not included in output
Error expression not continuous: felt like in paradise  Not included in output
Error expression not continuous: find in the toilet  Not included in output
Error expression not continuous: recently renovated with style and attention to detail  Not included in output
Error expression not continuous: relatively low comparing to other centrally located hotels  Not included in output
Error expression not continuous: good size ! ! !  Not included in output
Error expression not continuous: less than expected  Not included in output
Error expression not continuous: no included  Not included in output
Error expression not continuous: enjoyed so much  Not included in output
Error expression not continuous: could had abit more variety  Not included in output
Error expression not continuous: empty shower bottle from guests before in shower  Not included in output
Error expression not continuous: should not deter you from staying !  Not included in output
Error expression not continuous: feel like at home  Not included in output
Error expression not continuous: wonderful !  Not included in output
Error expression not continuous: for a couple may feel crowded  Not included in output
Error expression not continuous: not a comfortable at all  Not included in output
Error expression not continuous: do not recommend yet  Not included in output
Error expression not continuous: no at all  Not included in output
Error expression not continuous: recommend only for a short stay in the city  Not included in output
Error expression not continuous: my favourite i have ever been to !  Not included in output
Error expression not continuous: surely visit again  Not included in output
Error expression not continuous: 20  30 minutes walking to dubling city center  Not included in output
Error expression not continuous: nice for this price  Not included in output
Error expression not continuous: would definitely stay again  Not included in output
Error expression not continuous: willing to help offer a good service  Not included in output
Error expression not continuous: great !  Not included in output
Error expression not continuous: there is no included  Not included in output
Error expression not continuous: same as 9years ago  Not included in output
Error expression not continuous: definitely going again  Not included in output
Error expression not continuous: non supplied  Not included in output
Error expression not continuous: within minutes with the bike  Not included in output
Error expression not continuous: 3 star standard !!!  Not included in output
Error expression not continuous: no were taken  Not included in output
Error expression not continuous: might be appealing  Not included in output
Error expression not continuous: for fast in and out ok  Not included in output
Error expression not continuous: highly recommend !  Not included in output
Error expression not continuous: perfect !  Not included in output
Error expression not continuous: rank among the top five of visits ever !  Not included in output
Error expression not continuous: nicest ever !  Not included in output
Error expression not continuous: could work a little on dusting better  Not included in output
Error expression not continuous: will definitely be back ! ! !  Not included in output
Error expression not continuous: visit again  Not included in output
Error expression not continuous: has earned in some areas  Not included in output
Error expression not continuous: compensated voucher to spend on food / shopping  Not included in output
Error expression not continuous: cost exact 50 % of the room rate  Not included in output
Error expression not continuous: no will be booked  Not included in output
Error expression not continuous: held away  Not included in output
Error expression not continuous: the best ever !  Not included in output
Error expression not continuous: no at all  Not included in output
Error expression not continuous: swiming in the pond  Not included in output
Error expression not continuous: no there  Not included in output
Error expression not continuous: don 't expect until 8.30  9.00 am  Not included in output
Error expression not continuous: after breakfast no offered  Not included in output
Error expression not continuous: not to stay when you want to visit paris  Not included in output
Error expression not continuous: 've stayed for 3 times last 12 month  Not included in output
Error expression not continuous: there are many nearby  Not included in output
Error expression not continuous: 6  person dorm originally designed to be a 4 person one  Not included in output
Error expression not continuous: got changed  Not included in output
Error expression not continuous: many people working  Not included in output
Error expression not continuous: the best i have ever had  Not included in output
Error expression not continuous: very good ! !  Not included in output
Error expression not continuous: would not go again  Not included in output
Error expression not continuous: very nice !  Not included in output
Error expression not continuous: just a few minutes walking from a shopping street / area with plenty of shops bars and restaurants  Not included in output
Error expression not continuous: was heated  Not included in output
Error expression not continuous: for dinner have to wait  Not included in output
Error expression not continuous: would return  Not included in output
Error expression not continuous: took hours  Not included in output
Error expression not continuous: will certainly stay again  Not included in output
Error expression not continuous: the most interesting i 've stayed ever  Not included in output
Error expression not continuous: there was provided  Not included in output
Error expression not continuous: looks clean inside  Not included in output
Error expression not continuous: city view facing street  Not included in output
Error expression not continuous: alright to stay for a night and explore the city  Not included in output
Error expression not continuous: reccomend very higly  Not included in output
Error expression not continuous: 'd like to visit again !  Not included in output
Error expression not continuous: had to get early  Not included in output
Error expression not continuous: one of the worst i 've ever seen  Not included in output
Error expression not continuous: no provided  Not included in output
Error expression not continuous: with a little more bar entertainment would have been a perfect break  Not included in output
Error expression not continuous: never have as a guest again  Not included in output
Error expression not continuous: maintained very well  Not included in output
Error expression not continuous: one of the best i ever visited  Not included in output
Error expression not continuous: there 's really nice  Not included in output
Error expression not continuous: makes feel at home  Not included in output
Error expression not continuous: provided for free  Not included in output
Error expression not continuous: no were available  Not included in output
Error expression not continuous: had to pay 20 euro for a week  Not included in output
Error expression not continuous: no will be possible  Not included in output
Error expression not continuous: never have encountered  Not included in output
Error expression not continuous: ideal for the forum convention center  Not included in output
Error expression not continuous: good ! ! !  Not included in output
Error expression not continuous: best ever  Not included in output
Error expression not continuous: recommend !  Not included in output
Error expression not continuous: redeeming feature if you are interested in climbing  Not included in output
Error expression not continuous: hardly ll stay in again  Not included in output
Error expression not continuous: wouln 't use ever again  Not included in output
Error expression not continuous: was not exactly what received  Not included in output
Error expression not continuous: reach quite easily by using a nearby bus  Not included in output
Error expression not continuous: no reply  Not included in output
Error expression not continuous: the worst ever  Not included in output
Total unique number of targets: 1402
Error target not continuous: the waiters in pirates bar  Not included in output
Error target not continuous: for vegetarian choice  Not included in output
Error target not continuous: wi fi  Not included in output
Error target not continuous: swimmingpool water  Not included in output
Error target not continuous: in the rooms free water  Not included in output
Error target not continuous: discount to customers of the hallmark inn  Not included in output
Error target not continuous: accommodation location  Not included in output
Error target not continuous: metro key station  Not included in output
Error target not continuous: many other services  Not included in output
Error target not continuous: their mood  Not included in output
Error target not continuous: meet with the animation staff  Not included in output
Error target not continuous: a park  Not included in output
Error target not continuous: enough locations  Not included in output
